mode: atomic
github.com/davidl71/exarp-go/internal/bridge/python.go:18.32,23.76 2 0
github.com/davidl71/exarp-go/internal/bridge/python.go:23.76,27.17 2 0
github.com/davidl71/exarp-go/internal/bridge/python.go:27.17,30.39 2 0
github.com/davidl71/exarp-go/internal/bridge/python.go:30.39,32.5 1 0
github.com/davidl71/exarp-go/internal/bridge/python.go:34.4,34.18 1 0
github.com/davidl71/exarp-go/internal/bridge/python.go:39.3,40.9 2 0
github.com/davidl71/exarp-go/internal/bridge/python.go:40.9,43.4 1 0
github.com/davidl71/exarp-go/internal/bridge/python.go:47.2,47.63 1 0
github.com/davidl71/exarp-go/internal/bridge/python.go:47.63,49.3 1 0
github.com/davidl71/exarp-go/internal/bridge/python.go:52.2,52.12 1 0
github.com/davidl71/exarp-go/internal/bridge/python.go:56.107,62.16 3 0
github.com/davidl71/exarp-go/internal/bridge/python.go:62.16,64.3 1 0
github.com/davidl71/exarp-go/internal/bridge/python.go:65.2,72.16 4 0
github.com/davidl71/exarp-go/internal/bridge/python.go:72.16,74.3 1 0
github.com/davidl71/exarp-go/internal/bridge/python.go:77.2,78.16 2 0
github.com/davidl71/exarp-go/internal/bridge/python.go:78.16,80.3 1 0
github.com/davidl71/exarp-go/internal/bridge/python.go:83.2,91.16 5 0
github.com/davidl71/exarp-go/internal/bridge/python.go:91.16,93.3 1 0
github.com/davidl71/exarp-go/internal/bridge/python.go:95.2,95.28 1 0
github.com/davidl71/exarp-go/internal/bridge/python.go:99.85,105.16 3 0
github.com/davidl71/exarp-go/internal/bridge/python.go:105.16,107.3 1 0
github.com/davidl71/exarp-go/internal/bridge/python.go:108.2,115.16 4 0
github.com/davidl71/exarp-go/internal/bridge/python.go:115.16,117.3 1 0
github.com/davidl71/exarp-go/internal/bridge/python.go:120.2,128.16 5 0
github.com/davidl71/exarp-go/internal/bridge/python.go:128.16,130.3 1 0
github.com/davidl71/exarp-go/internal/bridge/python.go:133.2,133.40 1 0
github.com/davidl71/exarp-go/internal/factory/server.go:12.103,13.23 1 5
github.com/davidl71/exarp-go/internal/factory/server.go:14.29,15.51 1 3
github.com/davidl71/exarp-go/internal/factory/server.go:16.10,17.65 1 2
github.com/davidl71/exarp-go/internal/factory/server.go:22.75,24.2 1 2
github.com/davidl71/exarp-go/internal/config/config.go:24.30,32.68 2 3
github.com/davidl71/exarp-go/internal/config/config.go:32.68,34.3 1 2
github.com/davidl71/exarp-go/internal/config/config.go:35.2,35.54 1 3
github.com/davidl71/exarp-go/internal/config/config.go:35.54,37.3 1 1
github.com/davidl71/exarp-go/internal/config/config.go:38.2,38.56 1 3
github.com/davidl71/exarp-go/internal/config/config.go:38.56,40.3 1 1
github.com/davidl71/exarp-go/internal/config/config.go:43.2,43.37 1 3
github.com/davidl71/exarp-go/internal/config/config.go:43.37,45.3 1 1
github.com/davidl71/exarp-go/internal/config/config.go:47.2,47.17 1 2
github.com/davidl71/exarp-go/internal/framework/factory.go:7.36,11.2 1 0
github.com/davidl71/exarp-go/internal/platform/detection.go:22.71,28.30 2 1
github.com/davidl71/exarp-go/internal/platform/detection.go:28.30,31.3 2 0
github.com/davidl71/exarp-go/internal/platform/detection.go:34.2,34.31 1 1
github.com/davidl71/exarp-go/internal/platform/detection.go:34.31,37.3 2 0
github.com/davidl71/exarp-go/internal/platform/detection.go:40.2,41.16 2 1
github.com/davidl71/exarp-go/internal/platform/detection.go:41.16,44.3 2 0
github.com/davidl71/exarp-go/internal/platform/detection.go:45.2,48.34 2 1
github.com/davidl71/exarp-go/internal/platform/detection.go:48.34,51.3 2 0
github.com/davidl71/exarp-go/internal/platform/detection.go:56.2,61.15 4 1
github.com/davidl71/exarp-go/internal/platform/detection.go:65.40,70.34 4 1
github.com/davidl71/exarp-go/internal/platform/detection.go:70.34,72.3 1 0
github.com/davidl71/exarp-go/internal/platform/detection.go:73.2,73.45 1 1
github.com/davidl71/exarp-go/internal/platform/detection.go:77.44,80.20 2 8
github.com/davidl71/exarp-go/internal/platform/detection.go:80.20,82.3 1 0
github.com/davidl71/exarp-go/internal/platform/detection.go:85.2,86.16 2 8
github.com/davidl71/exarp-go/internal/platform/detection.go:86.16,88.3 1 2
github.com/davidl71/exarp-go/internal/platform/detection.go:90.2,90.20 1 6
github.com/davidl71/exarp-go/internal/database/migrations.go:14.28,15.15 1 1
github.com/davidl71/exarp-go/internal/database/migrations.go:15.15,17.3 1 0
github.com/davidl71/exarp-go/internal/database/migrations.go:20.2,20.48 1 1
github.com/davidl71/exarp-go/internal/database/migrations.go:20.48,22.3 1 0
github.com/davidl71/exarp-go/internal/database/migrations.go:25.2,26.16 2 1
github.com/davidl71/exarp-go/internal/database/migrations.go:26.16,28.3 1 0
github.com/davidl71/exarp-go/internal/database/migrations.go:31.2,32.16 2 1
github.com/davidl71/exarp-go/internal/database/migrations.go:32.16,34.3 1 0
github.com/davidl71/exarp-go/internal/database/migrations.go:37.2,37.39 1 1
github.com/davidl71/exarp-go/internal/database/migrations.go:37.39,38.33 1 1
github.com/davidl71/exarp-go/internal/database/migrations.go:38.33,39.12 1 0
github.com/davidl71/exarp-go/internal/database/migrations.go:42.3,42.51 1 1
github.com/davidl71/exarp-go/internal/database/migrations.go:42.51,44.4 1 0
github.com/davidl71/exarp-go/internal/database/migrations.go:47.2,47.12 1 1
github.com/davidl71/exarp-go/internal/database/migrations.go:59.47,64.16 3 1
github.com/davidl71/exarp-go/internal/database/migrations.go:64.16,66.3 1 0
github.com/davidl71/exarp-go/internal/database/migrations.go:68.2,72.16 3 1
github.com/davidl71/exarp-go/internal/database/migrations.go:72.16,74.3 1 0
github.com/davidl71/exarp-go/internal/database/migrations.go:76.2,76.32 1 1
github.com/davidl71/exarp-go/internal/database/migrations.go:76.32,77.64 1 1
github.com/davidl71/exarp-go/internal/database/migrations.go:77.64,78.12 1 0
github.com/davidl71/exarp-go/internal/database/migrations.go:81.3,83.21 3 1
github.com/davidl71/exarp-go/internal/database/migrations.go:83.21,84.12 1 0
github.com/davidl71/exarp-go/internal/database/migrations.go:87.3,88.17 2 1
github.com/davidl71/exarp-go/internal/database/migrations.go:88.17,89.12 1 0
github.com/davidl71/exarp-go/internal/database/migrations.go:93.3,95.17 3 1
github.com/davidl71/exarp-go/internal/database/migrations.go:95.17,97.4 1 0
github.com/davidl71/exarp-go/internal/database/migrations.go:100.3,108.5 3 1
github.com/davidl71/exarp-go/internal/database/migrations.go:112.2,112.45 1 1
github.com/davidl71/exarp-go/internal/database/migrations.go:112.45,114.3 1 0
github.com/davidl71/exarp-go/internal/database/migrations.go:116.2,116.24 1 1
github.com/davidl71/exarp-go/internal/database/migrations.go:120.40,122.16 2 1
github.com/davidl71/exarp-go/internal/database/migrations.go:122.16,124.3 1 0
github.com/davidl71/exarp-go/internal/database/migrations.go:126.2,126.6 1 1
github.com/davidl71/exarp-go/internal/database/migrations.go:126.6,128.47 2 3
github.com/davidl71/exarp-go/internal/database/migrations.go:128.47,130.4 1 1
github.com/davidl71/exarp-go/internal/database/migrations.go:132.3,133.20 2 2
github.com/davidl71/exarp-go/internal/database/migrations.go:133.20,135.9 1 0
github.com/davidl71/exarp-go/internal/database/migrations.go:137.3,137.15 1 2
github.com/davidl71/exarp-go/internal/database/migrations.go:140.2,140.71 1 0
github.com/davidl71/exarp-go/internal/database/migrations.go:144.51,148.16 3 1
github.com/davidl71/exarp-go/internal/database/migrations.go:148.16,151.3 1 0
github.com/davidl71/exarp-go/internal/database/migrations.go:152.2,154.18 2 1
github.com/davidl71/exarp-go/internal/database/migrations.go:154.18,156.45 2 0
github.com/davidl71/exarp-go/internal/database/migrations.go:156.45,158.4 1 0
github.com/davidl71/exarp-go/internal/database/migrations.go:159.3,159.26 1 0
github.com/davidl71/exarp-go/internal/database/migrations.go:162.2,162.28 1 1
github.com/davidl71/exarp-go/internal/database/migrations.go:166.48,168.16 2 1
github.com/davidl71/exarp-go/internal/database/migrations.go:168.16,170.3 1 0
github.com/davidl71/exarp-go/internal/database/migrations.go:171.2,174.50 2 1
github.com/davidl71/exarp-go/internal/database/migrations.go:174.50,176.3 1 0
github.com/davidl71/exarp-go/internal/database/migrations.go:179.2,184.16 2 1
github.com/davidl71/exarp-go/internal/database/migrations.go:184.16,186.3 1 0
github.com/davidl71/exarp-go/internal/database/migrations.go:188.2,188.20 1 1
github.com/davidl71/exarp-go/internal/database/migrations.go:192.36,201.2 2 1
github.com/davidl71/exarp-go/internal/database/migrations.go:204.39,207.26 3 1
github.com/davidl71/exarp-go/internal/database/migrations.go:207.26,209.3 1 0
github.com/davidl71/exarp-go/internal/database/migrations.go:210.2,210.21 1 1
github.com/davidl71/exarp-go/internal/database/sqlite.go:17.37,22.47 3 1
github.com/davidl71/exarp-go/internal/database/sqlite.go:22.47,24.3 1 0
github.com/davidl71/exarp-go/internal/database/sqlite.go:27.2,28.16 2 1
github.com/davidl71/exarp-go/internal/database/sqlite.go:28.16,30.3 1 0
github.com/davidl71/exarp-go/internal/database/sqlite.go:33.2,33.34 1 1
github.com/davidl71/exarp-go/internal/database/sqlite.go:33.34,35.3 1 0
github.com/davidl71/exarp-go/internal/database/sqlite.go:38.2,38.63 1 1
github.com/davidl71/exarp-go/internal/database/sqlite.go:38.63,40.3 1 0
github.com/davidl71/exarp-go/internal/database/sqlite.go:41.2,41.64 1 1
github.com/davidl71/exarp-go/internal/database/sqlite.go:41.64,43.3 1 0
github.com/davidl71/exarp-go/internal/database/sqlite.go:44.2,44.66 1 1
github.com/davidl71/exarp-go/internal/database/sqlite.go:44.66,46.3 1 0
github.com/davidl71/exarp-go/internal/database/sqlite.go:47.2,47.66 1 1
github.com/davidl71/exarp-go/internal/database/sqlite.go:47.66,49.3 1 0
github.com/davidl71/exarp-go/internal/database/sqlite.go:52.2,59.40 5 1
github.com/davidl71/exarp-go/internal/database/sqlite.go:59.40,61.3 1 0
github.com/davidl71/exarp-go/internal/database/sqlite.go:63.2,63.12 1 1
github.com/davidl71/exarp-go/internal/database/sqlite.go:67.20,68.15 1 1
github.com/davidl71/exarp-go/internal/database/sqlite.go:68.15,70.3 1 1
github.com/davidl71/exarp-go/internal/database/sqlite.go:71.2,71.12 1 0
github.com/davidl71/exarp-go/internal/database/sqlite.go:76.31,77.15 1 1
github.com/davidl71/exarp-go/internal/database/sqlite.go:77.15,79.3 1 0
github.com/davidl71/exarp-go/internal/database/sqlite.go:80.2,80.16 1 1
github.com/davidl71/exarp-go/internal/prompts/registry.go:11.59,39.28 2 5
github.com/davidl71/exarp-go/internal/prompts/registry.go:39.28,44.17 1 69
github.com/davidl71/exarp-go/internal/prompts/registry.go:44.17,46.4 1 1
github.com/davidl71/exarp-go/internal/prompts/registry.go:49.2,49.12 1 4
github.com/davidl71/exarp-go/internal/prompts/registry.go:53.69,54.80 1 69
github.com/davidl71/exarp-go/internal/prompts/registry.go:54.80,57.17 2 19
github.com/davidl71/exarp-go/internal/prompts/registry.go:57.17,59.4 1 0
github.com/davidl71/exarp-go/internal/prompts/registry.go:62.3,62.20 1 19
github.com/davidl71/exarp-go/internal/prompts/registry.go:62.20,64.4 1 1
github.com/davidl71/exarp-go/internal/prompts/registry.go:66.3,66.25 1 19
github.com/davidl71/exarp-go/internal/prompts/templates.go:258.53,260.9 2 42
github.com/davidl71/exarp-go/internal/prompts/templates.go:260.9,262.3 1 2
github.com/davidl71/exarp-go/internal/prompts/templates.go:263.2,263.22 1 40
github.com/davidl71/exarp-go/internal/prompts/templates.go:267.78,268.20 1 19
github.com/davidl71/exarp-go/internal/prompts/templates.go:268.20,270.3 1 2
github.com/davidl71/exarp-go/internal/prompts/templates.go:272.2,273.31 2 17
github.com/davidl71/exarp-go/internal/prompts/templates.go:273.31,277.28 3 22
github.com/davidl71/exarp-go/internal/prompts/templates.go:278.15,279.16 1 17
github.com/davidl71/exarp-go/internal/prompts/templates.go:280.28,281.35 1 4
github.com/davidl71/exarp-go/internal/prompts/templates.go:282.13,283.35 1 1
github.com/davidl71/exarp-go/internal/prompts/templates.go:284.11,285.35 1 0
github.com/davidl71/exarp-go/internal/prompts/templates.go:287.3,287.61 1 22
github.com/davidl71/exarp-go/internal/prompts/templates.go:289.2,289.15 1 17
github.com/davidl71/exarp-go/internal/resources/handlers.go:12.61,22.16 1 3
github.com/davidl71/exarp-go/internal/resources/handlers.go:22.16,24.3 1 0
github.com/davidl71/exarp-go/internal/resources/handlers.go:27.2,33.16 1 3
github.com/davidl71/exarp-go/internal/resources/handlers.go:33.16,35.3 1 0
github.com/davidl71/exarp-go/internal/resources/handlers.go:38.2,44.16 1 3
github.com/davidl71/exarp-go/internal/resources/handlers.go:44.16,46.3 1 0
github.com/davidl71/exarp-go/internal/resources/handlers.go:49.2,55.16 1 3
github.com/davidl71/exarp-go/internal/resources/handlers.go:55.16,57.3 1 0
github.com/davidl71/exarp-go/internal/resources/handlers.go:60.2,66.16 1 3
github.com/davidl71/exarp-go/internal/resources/handlers.go:66.16,68.3 1 0
github.com/davidl71/exarp-go/internal/resources/handlers.go:71.2,77.16 1 3
github.com/davidl71/exarp-go/internal/resources/handlers.go:77.16,79.3 1 0
github.com/davidl71/exarp-go/internal/resources/handlers.go:82.2,88.16 1 3
github.com/davidl71/exarp-go/internal/resources/handlers.go:88.16,90.3 1 0
github.com/davidl71/exarp-go/internal/resources/handlers.go:93.2,99.16 1 3
github.com/davidl71/exarp-go/internal/resources/handlers.go:99.16,101.3 1 0
github.com/davidl71/exarp-go/internal/resources/handlers.go:104.2,110.16 1 3
github.com/davidl71/exarp-go/internal/resources/handlers.go:110.16,112.3 1 0
github.com/davidl71/exarp-go/internal/resources/handlers.go:115.2,121.16 1 3
github.com/davidl71/exarp-go/internal/resources/handlers.go:121.16,123.3 1 0
github.com/davidl71/exarp-go/internal/resources/handlers.go:126.2,132.16 1 3
github.com/davidl71/exarp-go/internal/resources/handlers.go:132.16,134.3 1 0
github.com/davidl71/exarp-go/internal/resources/handlers.go:136.2,136.12 1 3
github.com/davidl71/exarp-go/internal/resources/handlers.go:141.79,143.2 1 0
github.com/davidl71/exarp-go/internal/resources/handlers.go:145.78,147.2 1 0
github.com/davidl71/exarp-go/internal/resources/handlers.go:149.88,151.2 1 0
github.com/davidl71/exarp-go/internal/resources/handlers.go:153.84,155.2 1 0
github.com/davidl71/exarp-go/internal/resources/handlers.go:157.84,159.2 1 0
github.com/davidl71/exarp-go/internal/resources/handlers.go:161.85,163.2 1 0
github.com/davidl71/exarp-go/internal/resources/handlers.go:165.80,167.2 1 0
github.com/davidl71/exarp-go/internal/resources/handlers.go:169.83,171.2 1 0
github.com/davidl71/exarp-go/internal/resources/handlers.go:173.86,175.2 1 0
github.com/davidl71/exarp-go/internal/resources/handlers.go:177.87,179.2 1 0
github.com/davidl71/exarp-go/internal/resources/handlers.go:181.81,183.2 1 0
github.com/davidl71/exarp-go/internal/security/access.go:32.64,40.2 1 6
github.com/davidl71/exarp-go/internal/security/access.go:43.53,49.2 5 2
github.com/davidl71/exarp-go/internal/security/access.go:52.52,58.2 5 2
github.com/davidl71/exarp-go/internal/security/access.go:61.52,65.2 3 1
github.com/davidl71/exarp-go/internal/security/access.go:68.51,72.2 3 2
github.com/davidl71/exarp-go/internal/security/access.go:75.59,80.52 3 8
github.com/davidl71/exarp-go/internal/security/access.go:80.52,81.29 1 4
github.com/davidl71/exarp-go/internal/security/access.go:81.29,86.4 1 2
github.com/davidl71/exarp-go/internal/security/access.go:87.3,87.30 1 2
github.com/davidl71/exarp-go/internal/security/access.go:87.30,89.4 1 2
github.com/davidl71/exarp-go/internal/security/access.go:93.2,93.30 1 4
github.com/davidl71/exarp-go/internal/security/access.go:93.30,98.3 1 0
github.com/davidl71/exarp-go/internal/security/access.go:101.2,101.40 1 4
github.com/davidl71/exarp-go/internal/security/access.go:101.40,102.33 1 1
github.com/davidl71/exarp-go/internal/security/access.go:102.33,107.4 1 1
github.com/davidl71/exarp-go/internal/security/access.go:111.2,111.40 1 3
github.com/davidl71/exarp-go/internal/security/access.go:111.40,116.3 1 0
github.com/davidl71/exarp-go/internal/security/access.go:118.2,118.12 1 3
github.com/davidl71/exarp-go/internal/security/access.go:122.58,127.51 3 5
github.com/davidl71/exarp-go/internal/security/access.go:127.51,128.29 1 3
github.com/davidl71/exarp-go/internal/security/access.go:128.29,133.4 1 2
github.com/davidl71/exarp-go/internal/security/access.go:134.3,134.30 1 1
github.com/davidl71/exarp-go/internal/security/access.go:134.30,136.4 1 1
github.com/davidl71/exarp-go/internal/security/access.go:140.2,140.40 1 2
github.com/davidl71/exarp-go/internal/security/access.go:140.40,145.3 1 0
github.com/davidl71/exarp-go/internal/security/access.go:147.2,147.12 1 2
github.com/davidl71/exarp-go/internal/security/access.go:156.44,158.2 1 1
github.com/davidl71/exarp-go/internal/security/access.go:169.47,170.23 1 6
github.com/davidl71/exarp-go/internal/security/access.go:170.23,172.3 1 1
github.com/davidl71/exarp-go/internal/security/access.go:173.2,173.29 1 6
github.com/davidl71/exarp-go/internal/security/access.go:177.45,179.2 1 2
github.com/davidl71/exarp-go/internal/security/access.go:182.44,184.2 1 2
github.com/davidl71/exarp-go/internal/security/path.go:12.61,13.23 1 10
github.com/davidl71/exarp-go/internal/security/path.go:13.23,15.3 1 0
github.com/davidl71/exarp-go/internal/security/path.go:18.2,20.16 3 10
github.com/davidl71/exarp-go/internal/security/path.go:20.16,22.3 1 0
github.com/davidl71/exarp-go/internal/security/path.go:25.2,26.16 2 10
github.com/davidl71/exarp-go/internal/security/path.go:26.16,28.3 1 0
github.com/davidl71/exarp-go/internal/security/path.go:29.2,29.19 1 10
github.com/davidl71/exarp-go/internal/security/path.go:29.19,31.3 1 0
github.com/davidl71/exarp-go/internal/security/path.go:34.2,38.31 3 10
github.com/davidl71/exarp-go/internal/security/path.go:38.31,40.3 1 2
github.com/davidl71/exarp-go/internal/security/path.go:40.8,44.3 2 8
github.com/davidl71/exarp-go/internal/security/path.go:48.2,49.16 2 10
github.com/davidl71/exarp-go/internal/security/path.go:49.16,51.3 1 0
github.com/davidl71/exarp-go/internal/security/path.go:55.2,55.38 1 10
github.com/davidl71/exarp-go/internal/security/path.go:55.38,57.3 1 4
github.com/davidl71/exarp-go/internal/security/path.go:61.2,62.29 2 6
github.com/davidl71/exarp-go/internal/security/path.go:62.29,63.19 1 6
github.com/davidl71/exarp-go/internal/security/path.go:63.19,65.4 1 0
github.com/davidl71/exarp-go/internal/security/path.go:68.2,68.21 1 6
github.com/davidl71/exarp-go/internal/security/path.go:72.67,74.16 2 3
github.com/davidl71/exarp-go/internal/security/path.go:74.16,76.3 1 1
github.com/davidl71/exarp-go/internal/security/path.go:79.2,79.52 1 2
github.com/davidl71/exarp-go/internal/security/path.go:79.52,81.3 1 1
github.com/davidl71/exarp-go/internal/security/path.go:83.2,83.21 1 1
github.com/davidl71/exarp-go/internal/security/path.go:88.79,90.16 2 0
github.com/davidl71/exarp-go/internal/security/path.go:90.16,92.3 1 0
github.com/davidl71/exarp-go/internal/security/path.go:94.2,96.16 3 0
github.com/davidl71/exarp-go/internal/security/path.go:96.16,98.3 1 0
github.com/davidl71/exarp-go/internal/security/path.go:100.2,100.30 1 0
github.com/davidl71/exarp-go/internal/security/path.go:105.55,107.16 2 1
github.com/davidl71/exarp-go/internal/security/path.go:107.16,109.3 1 0
github.com/davidl71/exarp-go/internal/security/path.go:111.2,112.6 2 1
github.com/davidl71/exarp-go/internal/security/path.go:112.6,115.47 2 3
github.com/davidl71/exarp-go/internal/security/path.go:115.47,117.4 1 1
github.com/davidl71/exarp-go/internal/security/path.go:120.3,121.28 2 2
github.com/davidl71/exarp-go/internal/security/path.go:121.28,124.4 1 0
github.com/davidl71/exarp-go/internal/security/path.go:125.3,125.23 1 2
github.com/davidl71/exarp-go/internal/security/ratelimit.go:23.73,36.2 4 5
github.com/davidl71/exarp-go/internal/security/ratelimit.go:40.52,49.13 6 19
github.com/davidl71/exarp-go/internal/security/ratelimit.go:49.13,51.3 1 7
github.com/davidl71/exarp-go/internal/security/ratelimit.go:54.2,55.35 2 19
github.com/davidl71/exarp-go/internal/security/ratelimit.go:55.35,56.28 1 17
github.com/davidl71/exarp-go/internal/security/ratelimit.go:56.28,58.4 1 16
github.com/davidl71/exarp-go/internal/security/ratelimit.go:62.2,62.42 1 19
github.com/davidl71/exarp-go/internal/security/ratelimit.go:62.42,64.3 1 5
github.com/davidl71/exarp-go/internal/security/ratelimit.go:67.2,70.13 3 14
github.com/davidl71/exarp-go/internal/security/ratelimit.go:74.73,75.6 1 1
github.com/davidl71/exarp-go/internal/security/ratelimit.go:75.6,76.25 1 2
github.com/davidl71/exarp-go/internal/security/ratelimit.go:76.25,78.4 1 1
github.com/davidl71/exarp-go/internal/security/ratelimit.go:81.3,84.24 4 1
github.com/davidl71/exarp-go/internal/security/ratelimit.go:84.24,87.20 3 1
github.com/davidl71/exarp-go/internal/security/ratelimit.go:87.20,89.5 1 0
github.com/davidl71/exarp-go/internal/security/ratelimit.go:91.3,94.10 2 1
github.com/davidl71/exarp-go/internal/security/ratelimit.go:95.21,96.20 1 0
github.com/davidl71/exarp-go/internal/security/ratelimit.go:97.31,97.31 0 1
github.com/davidl71/exarp-go/internal/security/ratelimit.go:104.44,105.6 1 5
github.com/davidl71/exarp-go/internal/security/ratelimit.go:105.6,106.10 1 7
github.com/davidl71/exarp-go/internal/security/ratelimit.go:107.25,108.10 1 5
github.com/davidl71/exarp-go/internal/security/ratelimit.go:109.23,112.48 3 2
github.com/davidl71/exarp-go/internal/security/ratelimit.go:112.48,114.38 2 2
github.com/davidl71/exarp-go/internal/security/ratelimit.go:114.38,115.31 1 4
github.com/davidl71/exarp-go/internal/security/ratelimit.go:115.31,117.7 1 1
github.com/davidl71/exarp-go/internal/security/ratelimit.go:119.5,119.32 1 2
github.com/davidl71/exarp-go/internal/security/ratelimit.go:119.32,121.6 1 1
github.com/davidl71/exarp-go/internal/security/ratelimit.go:121.11,123.6 1 1
github.com/davidl71/exarp-go/internal/security/ratelimit.go:125.4,125.18 1 2
github.com/davidl71/exarp-go/internal/security/ratelimit.go:131.31,134.2 2 5
github.com/davidl71/exarp-go/internal/security/ratelimit.go:137.58,144.35 6 3
github.com/davidl71/exarp-go/internal/security/ratelimit.go:144.35,145.28 1 4
github.com/davidl71/exarp-go/internal/security/ratelimit.go:145.28,147.4 1 4
github.com/davidl71/exarp-go/internal/security/ratelimit.go:149.2,149.31 1 3
github.com/davidl71/exarp-go/internal/security/ratelimit.go:160.43,161.17 1 0
github.com/davidl71/exarp-go/internal/security/ratelimit.go:161.17,163.3 1 0
github.com/davidl71/exarp-go/internal/security/ratelimit.go:164.2,164.27 1 0
github.com/davidl71/exarp-go/internal/security/ratelimit.go:168.41,170.2 1 0
github.com/davidl71/exarp-go/internal/security/ratelimit.go:181.41,184.2 1 0
github.com/davidl71/exarp-go/internal/security/ratelimit.go:187.44,189.25 2 0
github.com/davidl71/exarp-go/internal/security/ratelimit.go:189.25,197.3 2 0
github.com/davidl71/exarp-go/internal/security/ratelimit.go:198.2,198.12 1 0
github.com/davidl71/exarp-go/cmd/sanity-check/main.go:32.131,35.2 2 0
github.com/davidl71/exarp-go/cmd/sanity-check/main.go:37.106,40.2 2 0
github.com/davidl71/exarp-go/cmd/sanity-check/main.go:42.125,45.2 2 0
github.com/davidl71/exarp-go/cmd/sanity-check/main.go:47.13,50.16 2 0
github.com/davidl71/exarp-go/cmd/sanity-check/main.go:50.16,53.3 2 0
github.com/davidl71/exarp-go/cmd/sanity-check/main.go:56.2,57.16 2 0
github.com/davidl71/exarp-go/cmd/sanity-check/main.go:57.16,60.3 2 0
github.com/davidl71/exarp-go/cmd/sanity-check/main.go:63.2,68.55 2 0
github.com/davidl71/exarp-go/cmd/sanity-check/main.go:68.55,71.3 2 0
github.com/davidl71/exarp-go/cmd/sanity-check/main.go:73.2,73.59 1 0
github.com/davidl71/exarp-go/cmd/sanity-check/main.go:73.59,76.3 2 0
github.com/davidl71/exarp-go/cmd/sanity-check/main.go:78.2,78.63 1 0
github.com/davidl71/exarp-go/cmd/sanity-check/main.go:78.63,81.3 2 0
github.com/davidl71/exarp-go/cmd/sanity-check/main.go:84.2,90.15 5 0
github.com/davidl71/exarp-go/cmd/sanity-check/main.go:90.15,92.3 1 0
github.com/davidl71/exarp-go/cmd/sanity-check/main.go:92.8,94.3 1 0
github.com/davidl71/exarp-go/cmd/sanity-check/main.go:97.2,99.17 3 0
github.com/davidl71/exarp-go/cmd/sanity-check/main.go:99.17,101.3 1 0
github.com/davidl71/exarp-go/cmd/sanity-check/main.go:101.8,103.3 1 0
github.com/davidl71/exarp-go/cmd/sanity-check/main.go:106.2,108.19 3 0
github.com/davidl71/exarp-go/cmd/sanity-check/main.go:108.19,110.3 1 0
github.com/davidl71/exarp-go/cmd/sanity-check/main.go:110.8,112.3 1 0
github.com/davidl71/exarp-go/cmd/sanity-check/main.go:115.2,116.47 2 0
github.com/davidl71/exarp-go/cmd/sanity-check/main.go:116.47,121.3 4 0
github.com/davidl71/exarp-go/cmd/sanity-check/main.go:121.8,124.17 3 0
github.com/davidl71/exarp-go/cmd/sanity-check/main.go:124.17,127.4 1 0
github.com/davidl71/exarp-go/cmd/sanity-check/main.go:128.3,128.19 1 0
github.com/davidl71/exarp-go/cmd/sanity-check/main.go:128.19,131.4 1 0
github.com/davidl71/exarp-go/cmd/sanity-check/main.go:132.3,132.21 1 0
github.com/davidl71/exarp-go/cmd/sanity-check/main.go:132.21,135.4 1 0
github.com/davidl71/exarp-go/cmd/sanity-check/main.go:136.3,136.13 1 0
github.com/davidl71/exarp-go/cmd/scorecard/main.go:12.13,15.16 3 0
github.com/davidl71/exarp-go/cmd/scorecard/main.go:15.16,18.3 2 0
github.com/davidl71/exarp-go/cmd/scorecard/main.go:19.2,24.16 4 0
github.com/davidl71/exarp-go/cmd/scorecard/main.go:24.16,27.3 2 0
github.com/davidl71/exarp-go/cmd/scorecard/main.go:29.2,30.19 2 0
github.com/davidl71/exarp-go/cmd/server/main.go:18.13,21.36 2 0
github.com/davidl71/exarp-go/cmd/server/main.go:21.36,29.52 2 0
github.com/davidl71/exarp-go/cmd/server/main.go:29.52,31.9 2 0
github.com/davidl71/exarp-go/cmd/server/main.go:34.3,34.36 1 0
github.com/davidl71/exarp-go/cmd/server/main.go:34.36,35.9 1 0
github.com/davidl71/exarp-go/cmd/server/main.go:40.2,40.32 1 0
github.com/davidl71/exarp-go/cmd/server/main.go:40.32,42.35 1 0
github.com/davidl71/exarp-go/cmd/server/main.go:42.35,44.4 1 0
github.com/davidl71/exarp-go/cmd/server/main.go:45.3,45.9 1 0
github.com/davidl71/exarp-go/cmd/server/main.go:49.2,54.16 3 0
github.com/davidl71/exarp-go/cmd/server/main.go:54.16,56.3 1 0
github.com/davidl71/exarp-go/cmd/server/main.go:59.2,60.16 2 0
github.com/davidl71/exarp-go/cmd/server/main.go:60.16,62.3 1 0
github.com/davidl71/exarp-go/cmd/server/main.go:65.2,65.55 1 0
github.com/davidl71/exarp-go/cmd/server/main.go:65.55,67.3 1 0
github.com/davidl71/exarp-go/cmd/server/main.go:69.2,69.59 1 0
github.com/davidl71/exarp-go/cmd/server/main.go:69.59,71.3 1 0
github.com/davidl71/exarp-go/cmd/server/main.go:73.2,73.63 1 0
github.com/davidl71/exarp-go/cmd/server/main.go:73.63,75.3 1 0
github.com/davidl71/exarp-go/cmd/server/main.go:78.2,80.51 3 0
github.com/davidl71/exarp-go/cmd/server/main.go:80.51,82.3 1 0
github.com/davidl71/exarp-go/cmd/test-context/main.go:14.13,17.16 2 0
github.com/davidl71/exarp-go/cmd/test-context/main.go:17.16,20.3 2 0
github.com/davidl71/exarp-go/cmd/test-context/main.go:23.2,24.16 2 0
github.com/davidl71/exarp-go/cmd/test-context/main.go:24.16,27.3 2 0
github.com/davidl71/exarp-go/cmd/test-context/main.go:30.2,30.55 1 0
github.com/davidl71/exarp-go/cmd/test-context/main.go:30.55,33.3 2 0
github.com/davidl71/exarp-go/cmd/test-context/main.go:36.2,65.17 10 0
github.com/davidl71/exarp-go/cmd/test-context/main.go:65.17,67.3 1 0
github.com/davidl71/exarp-go/cmd/test-context/main.go:67.8,69.35 2 0
github.com/davidl71/exarp-go/cmd/test-context/main.go:69.35,71.60 2 0
github.com/davidl71/exarp-go/cmd/test-context/main.go:71.60,72.52 1 0
github.com/davidl71/exarp-go/cmd/test-context/main.go:72.52,74.6 1 0
github.com/davidl71/exarp-go/cmd/test-context/main.go:80.2,94.17 7 0
github.com/davidl71/exarp-go/cmd/test-context/main.go:94.17,96.3 1 0
github.com/davidl71/exarp-go/cmd/test-context/main.go:96.8,98.35 2 0
github.com/davidl71/exarp-go/cmd/test-context/main.go:98.35,100.60 2 0
github.com/davidl71/exarp-go/cmd/test-context/main.go:100.60,101.58 1 0
github.com/davidl71/exarp-go/cmd/test-context/main.go:101.58,103.6 1 0
github.com/davidl71/exarp-go/cmd/test-context/main.go:104.5,104.56 1 0
github.com/davidl71/exarp-go/cmd/test-context/main.go:104.56,106.6 1 0
github.com/davidl71/exarp-go/cmd/test-context/main.go:112.2,119.17 5 0
github.com/davidl71/exarp-go/cmd/test-context/main.go:119.17,121.3 1 0
github.com/davidl71/exarp-go/cmd/test-context/main.go:121.8,123.35 2 0
github.com/davidl71/exarp-go/cmd/test-context/main.go:123.35,125.60 2 0
github.com/davidl71/exarp-go/cmd/test-context/main.go:125.60,126.58 1 0
github.com/davidl71/exarp-go/cmd/test-context/main.go:126.58,128.6 1 0
github.com/davidl71/exarp-go/cmd/test-context/main.go:133.2,133.89 1 0
github.com/davidl71/exarp-go/cmd/test-estimation/main.go:14.13,17.16 2 0
github.com/davidl71/exarp-go/cmd/test-estimation/main.go:17.16,20.3 2 0
github.com/davidl71/exarp-go/cmd/test-estimation/main.go:23.2,24.16 2 0
github.com/davidl71/exarp-go/cmd/test-estimation/main.go:24.16,27.3 2 0
github.com/davidl71/exarp-go/cmd/test-estimation/main.go:30.2,30.55 1 0
github.com/davidl71/exarp-go/cmd/test-estimation/main.go:30.55,33.3 2 0
github.com/davidl71/exarp-go/cmd/test-estimation/main.go:36.2,54.16 7 0
github.com/davidl71/exarp-go/cmd/test-estimation/main.go:54.16,57.3 2 0
github.com/davidl71/exarp-go/cmd/test-estimation/main.go:59.2,60.33 2 0
github.com/davidl71/exarp-go/cmd/test-estimation/main.go:60.33,61.22 1 0
github.com/davidl71/exarp-go/cmd/test-estimation/main.go:61.22,63.4 1 0
github.com/davidl71/exarp-go/cmd/test-estimation/main.go:64.3,64.28 1 0
github.com/davidl71/exarp-go/cmd/test-estimation/main.go:68.2,69.21 2 0
github.com/davidl71/exarp-go/cmd/test-estimation/main.go:69.21,70.77 1 0
github.com/davidl71/exarp-go/cmd/test-estimation/main.go:70.77,72.55 2 0
github.com/davidl71/exarp-go/cmd/test-estimation/main.go:72.55,74.5 1 0
github.com/davidl71/exarp-go/cmd/test-estimation/main.go:75.4,75.63 1 0
github.com/davidl71/exarp-go/cmd/test-estimation/main.go:75.63,77.5 1 0
github.com/davidl71/exarp-go/cmd/test-estimation/main.go:78.4,78.64 1 0
github.com/davidl71/exarp-go/cmd/test-estimation/main.go:78.64,80.5 1 0
github.com/davidl71/exarp-go/cmd/test-estimation/main.go:81.4,81.75 1 0
github.com/davidl71/exarp-go/cmd/test-estimation/main.go:81.75,82.66 1 0
github.com/davidl71/exarp-go/cmd/test-estimation/main.go:82.66,84.6 1 0
github.com/davidl71/exarp-go/cmd/test-estimation/main.go:85.5,85.70 1 0
github.com/davidl71/exarp-go/cmd/test-estimation/main.go:85.70,87.6 1 0
github.com/davidl71/exarp-go/cmd/test-report-mlx/main.go:14.13,33.17 10 0
github.com/davidl71/exarp-go/cmd/test-report-mlx/main.go:33.17,35.3 1 0
github.com/davidl71/exarp-go/cmd/test-report-mlx/main.go:35.8,37.35 2 0
github.com/davidl71/exarp-go/cmd/test-report-mlx/main.go:37.35,39.104 1 0
github.com/davidl71/exarp-go/cmd/test-report-mlx/main.go:39.104,41.5 1 0
github.com/davidl71/exarp-go/cmd/test-report-mlx/main.go:43.4,43.31 1 0
github.com/davidl71/exarp-go/cmd/test-report-mlx/main.go:43.31,45.5 1 0
github.com/davidl71/exarp-go/cmd/test-report-mlx/main.go:45.10,47.5 1 0
github.com/davidl71/exarp-go/cmd/test-report-mlx/main.go:52.2,60.17 5 0
github.com/davidl71/exarp-go/cmd/test-report-mlx/main.go:60.17,62.3 1 0
github.com/davidl71/exarp-go/cmd/test-report-mlx/main.go:62.8,64.35 2 0
github.com/davidl71/exarp-go/cmd/test-report-mlx/main.go:64.35,65.104 1 0
github.com/davidl71/exarp-go/cmd/test-report-mlx/main.go:65.104,67.5 1 0
github.com/davidl71/exarp-go/cmd/test-report-mlx/main.go:68.4,68.31 1 0
github.com/davidl71/exarp-go/cmd/test-report-mlx/main.go:68.31,70.5 1 0
github.com/davidl71/exarp-go/cmd/test-report-mlx/main.go:70.10,72.5 1 0
github.com/davidl71/exarp-go/cmd/test-report-mlx/main.go:76.2,76.70 1 0
github.com/davidl71/exarp-go/cmd/test-task-tools/main.go:13.13,31.17 10 0
github.com/davidl71/exarp-go/cmd/test-task-tools/main.go:31.17,33.3 1 0
github.com/davidl71/exarp-go/cmd/test-task-tools/main.go:33.8,35.35 2 0
github.com/davidl71/exarp-go/cmd/test-task-tools/main.go:35.35,37.60 2 0
github.com/davidl71/exarp-go/cmd/test-task-tools/main.go:37.60,38.52 1 0
github.com/davidl71/exarp-go/cmd/test-task-tools/main.go:38.52,40.6 1 0
github.com/davidl71/exarp-go/cmd/test-task-tools/main.go:41.5,41.57 1 0
github.com/davidl71/exarp-go/cmd/test-task-tools/main.go:41.57,43.6 1 0
github.com/davidl71/exarp-go/cmd/test-task-tools/main.go:49.2,56.17 5 0
github.com/davidl71/exarp-go/cmd/test-task-tools/main.go:56.17,58.3 1 0
github.com/davidl71/exarp-go/cmd/test-task-tools/main.go:58.8,60.35 2 0
github.com/davidl71/exarp-go/cmd/test-task-tools/main.go:60.35,62.60 2 0
github.com/davidl71/exarp-go/cmd/test-task-tools/main.go:62.60,63.52 1 0
github.com/davidl71/exarp-go/cmd/test-task-tools/main.go:63.52,65.6 1 0
github.com/davidl71/exarp-go/cmd/test-task-tools/main.go:66.5,66.70 1 0
github.com/davidl71/exarp-go/cmd/test-task-tools/main.go:66.70,67.53 1 0
github.com/davidl71/exarp-go/cmd/test-task-tools/main.go:67.53,69.7 1 0
github.com/davidl71/exarp-go/cmd/test-task-tools/main.go:76.2,83.17 5 0
github.com/davidl71/exarp-go/cmd/test-task-tools/main.go:83.17,85.3 1 0
github.com/davidl71/exarp-go/cmd/test-task-tools/main.go:85.8,87.35 2 0
github.com/davidl71/exarp-go/cmd/test-task-tools/main.go:87.35,89.60 2 0
github.com/davidl71/exarp-go/cmd/test-task-tools/main.go:89.60,90.52 1 0
github.com/davidl71/exarp-go/cmd/test-task-tools/main.go:90.52,92.6 1 0
github.com/davidl71/exarp-go/cmd/test-task-tools/main.go:93.5,93.74 1 0
github.com/davidl71/exarp-go/cmd/test-task-tools/main.go:93.74,95.6 1 0
github.com/davidl71/exarp-go/cmd/test-task-tools/main.go:100.2,100.91 1 0
github.com/davidl71/exarp-go/internal/framework/adapters/gosdk/adapter.go:20.58,30.2 1 0
github.com/davidl71/exarp-go/internal/framework/adapters/gosdk/adapter.go:33.129,35.16 1 0
github.com/davidl71/exarp-go/internal/framework/adapters/gosdk/adapter.go:35.16,37.3 1 0
github.com/davidl71/exarp-go/internal/framework/adapters/gosdk/adapter.go:38.2,38.23 1 0
github.com/davidl71/exarp-go/internal/framework/adapters/gosdk/adapter.go:38.23,40.3 1 0
github.com/davidl71/exarp-go/internal/framework/adapters/gosdk/adapter.go:41.2,41.20 1 0
github.com/davidl71/exarp-go/internal/framework/adapters/gosdk/adapter.go:41.20,43.3 1 0
github.com/davidl71/exarp-go/internal/framework/adapters/gosdk/adapter.go:44.2,44.23 1 0
github.com/davidl71/exarp-go/internal/framework/adapters/gosdk/adapter.go:44.23,46.3 1 0
github.com/davidl71/exarp-go/internal/framework/adapters/gosdk/adapter.go:47.2,47.29 1 0
github.com/davidl71/exarp-go/internal/framework/adapters/gosdk/adapter.go:47.29,49.3 1 0
github.com/davidl71/exarp-go/internal/framework/adapters/gosdk/adapter.go:53.2,57.30 2 0
github.com/davidl71/exarp-go/internal/framework/adapters/gosdk/adapter.go:57.30,59.3 1 0
github.com/davidl71/exarp-go/internal/framework/adapters/gosdk/adapter.go:62.2,70.98 2 0
github.com/davidl71/exarp-go/internal/framework/adapters/gosdk/adapter.go:70.98,72.23 1 0
github.com/davidl71/exarp-go/internal/framework/adapters/gosdk/adapter.go:72.23,74.4 1 0
github.com/davidl71/exarp-go/internal/framework/adapters/gosdk/adapter.go:77.3,77.17 1 0
github.com/davidl71/exarp-go/internal/framework/adapters/gosdk/adapter.go:77.17,79.4 1 0
github.com/davidl71/exarp-go/internal/framework/adapters/gosdk/adapter.go:80.3,80.24 1 0
github.com/davidl71/exarp-go/internal/framework/adapters/gosdk/adapter.go:80.24,82.4 1 0
github.com/davidl71/exarp-go/internal/framework/adapters/gosdk/adapter.go:85.3,86.17 2 0
github.com/davidl71/exarp-go/internal/framework/adapters/gosdk/adapter.go:86.17,96.4 1 0
github.com/davidl71/exarp-go/internal/framework/adapters/gosdk/adapter.go:99.3,99.20 1 0
github.com/davidl71/exarp-go/internal/framework/adapters/gosdk/adapter.go:99.20,103.4 1 0
github.com/davidl71/exarp-go/internal/framework/adapters/gosdk/adapter.go:106.3,107.34 2 0
github.com/davidl71/exarp-go/internal/framework/adapters/gosdk/adapter.go:107.34,109.26 1 0
github.com/davidl71/exarp-go/internal/framework/adapters/gosdk/adapter.go:109.27,111.5 0 0
github.com/davidl71/exarp-go/internal/framework/adapters/gosdk/adapter.go:112.4,114.5 1 0
github.com/davidl71/exarp-go/internal/framework/adapters/gosdk/adapter.go:117.3,119.9 1 0
github.com/davidl71/exarp-go/internal/framework/adapters/gosdk/adapter.go:123.2,133.12 4 0
github.com/davidl71/exarp-go/internal/framework/adapters/gosdk/adapter.go:137.104,139.16 1 0
github.com/davidl71/exarp-go/internal/framework/adapters/gosdk/adapter.go:139.16,141.3 1 0
github.com/davidl71/exarp-go/internal/framework/adapters/gosdk/adapter.go:142.2,142.23 1 0
github.com/davidl71/exarp-go/internal/framework/adapters/gosdk/adapter.go:142.23,144.3 1 0
github.com/davidl71/exarp-go/internal/framework/adapters/gosdk/adapter.go:145.2,145.20 1 0
github.com/davidl71/exarp-go/internal/framework/adapters/gosdk/adapter.go:145.20,147.3 1 0
github.com/davidl71/exarp-go/internal/framework/adapters/gosdk/adapter.go:150.2,157.102 2 0
github.com/davidl71/exarp-go/internal/framework/adapters/gosdk/adapter.go:157.102,159.23 1 0
github.com/davidl71/exarp-go/internal/framework/adapters/gosdk/adapter.go:159.23,161.4 1 0
github.com/davidl71/exarp-go/internal/framework/adapters/gosdk/adapter.go:164.3,164.17 1 0
github.com/davidl71/exarp-go/internal/framework/adapters/gosdk/adapter.go:164.17,166.4 1 0
github.com/davidl71/exarp-go/internal/framework/adapters/gosdk/adapter.go:167.3,167.24 1 0
github.com/davidl71/exarp-go/internal/framework/adapters/gosdk/adapter.go:167.24,169.4 1 0
github.com/davidl71/exarp-go/internal/framework/adapters/gosdk/adapter.go:172.3,173.42 2 0
github.com/davidl71/exarp-go/internal/framework/adapters/gosdk/adapter.go:173.42,175.4 1 0
github.com/davidl71/exarp-go/internal/framework/adapters/gosdk/adapter.go:178.3,179.17 2 0
github.com/davidl71/exarp-go/internal/framework/adapters/gosdk/adapter.go:179.17,181.4 1 0
github.com/davidl71/exarp-go/internal/framework/adapters/gosdk/adapter.go:183.3,190.9 1 0
github.com/davidl71/exarp-go/internal/framework/adapters/gosdk/adapter.go:194.2,195.12 2 0
github.com/davidl71/exarp-go/internal/framework/adapters/gosdk/adapter.go:199.123,201.15 1 0
github.com/davidl71/exarp-go/internal/framework/adapters/gosdk/adapter.go:201.15,203.3 1 0
github.com/davidl71/exarp-go/internal/framework/adapters/gosdk/adapter.go:204.2,204.16 1 0
github.com/davidl71/exarp-go/internal/framework/adapters/gosdk/adapter.go:204.16,206.3 1 0
github.com/davidl71/exarp-go/internal/framework/adapters/gosdk/adapter.go:207.2,207.23 1 0
github.com/davidl71/exarp-go/internal/framework/adapters/gosdk/adapter.go:207.23,209.3 1 0
github.com/davidl71/exarp-go/internal/framework/adapters/gosdk/adapter.go:210.2,210.20 1 0
github.com/davidl71/exarp-go/internal/framework/adapters/gosdk/adapter.go:210.20,212.3 1 0
github.com/davidl71/exarp-go/internal/framework/adapters/gosdk/adapter.go:215.2,224.110 2 0
github.com/davidl71/exarp-go/internal/framework/adapters/gosdk/adapter.go:224.110,226.23 1 0
github.com/davidl71/exarp-go/internal/framework/adapters/gosdk/adapter.go:226.23,228.4 1 0
github.com/davidl71/exarp-go/internal/framework/adapters/gosdk/adapter.go:231.3,231.17 1 0
github.com/davidl71/exarp-go/internal/framework/adapters/gosdk/adapter.go:231.17,233.4 1 0
github.com/davidl71/exarp-go/internal/framework/adapters/gosdk/adapter.go:234.3,234.24 1 0
github.com/davidl71/exarp-go/internal/framework/adapters/gosdk/adapter.go:234.24,236.4 1 0
github.com/davidl71/exarp-go/internal/framework/adapters/gosdk/adapter.go:237.3,237.27 1 0
github.com/davidl71/exarp-go/internal/framework/adapters/gosdk/adapter.go:237.27,239.4 1 0
github.com/davidl71/exarp-go/internal/framework/adapters/gosdk/adapter.go:242.3,243.17 2 0
github.com/davidl71/exarp-go/internal/framework/adapters/gosdk/adapter.go:243.17,245.4 1 0
github.com/davidl71/exarp-go/internal/framework/adapters/gosdk/adapter.go:248.3,248.18 1 0
github.com/davidl71/exarp-go/internal/framework/adapters/gosdk/adapter.go:248.18,250.4 1 0
github.com/davidl71/exarp-go/internal/framework/adapters/gosdk/adapter.go:252.3,260.9 1 0
github.com/davidl71/exarp-go/internal/framework/adapters/gosdk/adapter.go:264.2,265.12 2 0
github.com/davidl71/exarp-go/internal/framework/adapters/gosdk/adapter.go:269.86,271.22 1 0
github.com/davidl71/exarp-go/internal/framework/adapters/gosdk/adapter.go:271.22,273.3 1 0
github.com/davidl71/exarp-go/internal/framework/adapters/gosdk/adapter.go:276.2,276.21 1 0
github.com/davidl71/exarp-go/internal/framework/adapters/gosdk/adapter.go:276.21,278.3 1 0
github.com/davidl71/exarp-go/internal/framework/adapters/gosdk/adapter.go:283.2,284.58 2 0
github.com/davidl71/exarp-go/internal/framework/adapters/gosdk/adapter.go:284.58,286.3 1 0
github.com/davidl71/exarp-go/internal/framework/adapters/gosdk/adapter.go:287.2,287.12 1 0
github.com/davidl71/exarp-go/internal/framework/adapters/gosdk/adapter.go:291.41,293.2 1 0
github.com/davidl71/exarp-go/internal/framework/adapters/gosdk/adapter.go:296.131,298.13 2 0
github.com/davidl71/exarp-go/internal/framework/adapters/gosdk/adapter.go:298.13,300.3 1 0
github.com/davidl71/exarp-go/internal/framework/adapters/gosdk/adapter.go:301.2,301.27 1 0
github.com/davidl71/exarp-go/internal/framework/adapters/gosdk/adapter.go:305.57,307.34 2 0
github.com/davidl71/exarp-go/internal/framework/adapters/gosdk/adapter.go:307.34,309.3 1 0
github.com/davidl71/exarp-go/internal/framework/adapters/gosdk/adapter.go:310.2,310.14 1 0
github.com/davidl71/exarp-go/internal/cli/cli.go:21.18,35.16 4 0
github.com/davidl71/exarp-go/internal/cli/cli.go:35.16,37.3 1 0
github.com/davidl71/exarp-go/internal/cli/cli.go:40.2,41.16 2 0
github.com/davidl71/exarp-go/internal/cli/cli.go:41.16,43.3 1 0
github.com/davidl71/exarp-go/internal/cli/cli.go:46.2,46.55 1 0
github.com/davidl71/exarp-go/internal/cli/cli.go:46.55,48.3 1 0
github.com/davidl71/exarp-go/internal/cli/cli.go:50.2,50.59 1 0
github.com/davidl71/exarp-go/internal/cli/cli.go:50.59,52.3 1 0
github.com/davidl71/exarp-go/internal/cli/cli.go:54.2,54.63 1 0
github.com/davidl71/exarp-go/internal/cli/cli.go:54.63,56.3 1 0
github.com/davidl71/exarp-go/internal/cli/cli.go:59.2,59.9 1 0
github.com/davidl71/exarp-go/internal/cli/cli.go:60.25,61.49 1 0
github.com/davidl71/exarp-go/internal/cli/cli.go:62.18,63.30 1 0
github.com/davidl71/exarp-go/internal/cli/cli.go:64.23,65.46 1 0
github.com/davidl71/exarp-go/internal/cli/cli.go:66.23,67.51 1 0
github.com/davidl71/exarp-go/internal/cli/cli.go:68.20,69.32 1 0
github.com/davidl71/exarp-go/internal/cli/cli.go:70.10,72.13 2 0
github.com/davidl71/exarp-go/internal/cli/cli.go:77.19,79.2 1 0
github.com/davidl71/exarp-go/internal/cli/cli.go:82.53,84.21 2 0
github.com/davidl71/exarp-go/internal/cli/cli.go:84.21,87.3 2 0
github.com/davidl71/exarp-go/internal/cli/cli.go:89.2,90.29 2 0
github.com/davidl71/exarp-go/internal/cli/cli.go:90.29,92.29 2 0
github.com/davidl71/exarp-go/internal/cli/cli.go:92.29,95.22 2 0
github.com/davidl71/exarp-go/internal/cli/cli.go:95.22,97.5 1 0
github.com/davidl71/exarp-go/internal/cli/cli.go:98.4,98.32 1 0
github.com/davidl71/exarp-go/internal/cli/cli.go:100.3,100.16 1 0
github.com/davidl71/exarp-go/internal/cli/cli.go:102.2,102.12 1 0
github.com/davidl71/exarp-go/internal/cli/cli.go:106.79,111.64 3 0
github.com/davidl71/exarp-go/internal/cli/cli.go:111.64,113.3 1 0
github.com/davidl71/exarp-go/internal/cli/cli.go:116.2,117.16 2 0
github.com/davidl71/exarp-go/internal/cli/cli.go:117.16,119.3 1 0
github.com/davidl71/exarp-go/internal/cli/cli.go:122.2,126.16 4 0
github.com/davidl71/exarp-go/internal/cli/cli.go:126.16,128.3 1 0
github.com/davidl71/exarp-go/internal/cli/cli.go:131.2,131.22 1 0
github.com/davidl71/exarp-go/internal/cli/cli.go:131.22,134.3 2 0
github.com/davidl71/exarp-go/internal/cli/cli.go:136.2,137.33 2 0
github.com/davidl71/exarp-go/internal/cli/cli.go:137.33,138.22 1 0
github.com/davidl71/exarp-go/internal/cli/cli.go:138.22,140.4 1 0
github.com/davidl71/exarp-go/internal/cli/cli.go:141.3,141.28 1 0
github.com/davidl71/exarp-go/internal/cli/cli.go:144.2,144.12 1 0
github.com/davidl71/exarp-go/internal/cli/cli.go:148.75,155.26 5 0
github.com/davidl71/exarp-go/internal/cli/cli.go:155.26,156.25 1 0
github.com/davidl71/exarp-go/internal/cli/cli.go:156.25,158.9 2 0
github.com/davidl71/exarp-go/internal/cli/cli.go:162.2,162.21 1 0
github.com/davidl71/exarp-go/internal/cli/cli.go:162.21,164.3 1 0
github.com/davidl71/exarp-go/internal/cli/cli.go:166.2,167.32 2 0
github.com/davidl71/exarp-go/internal/cli/cli.go:167.32,169.3 1 0
github.com/davidl71/exarp-go/internal/cli/cli.go:172.2,184.16 9 0
github.com/davidl71/exarp-go/internal/cli/cli.go:184.16,187.3 2 0
github.com/davidl71/exarp-go/internal/cli/cli.go:189.2,190.21 2 0
github.com/davidl71/exarp-go/internal/cli/cli.go:190.21,192.34 2 0
github.com/davidl71/exarp-go/internal/cli/cli.go:192.34,195.25 2 0
github.com/davidl71/exarp-go/internal/cli/cli.go:195.25,197.5 1 0
github.com/davidl71/exarp-go/internal/cli/cli.go:198.4,198.32 1 0
github.com/davidl71/exarp-go/internal/cli/cli.go:202.2,202.12 1 0
github.com/davidl71/exarp-go/internal/cli/cli.go:206.78,208.30 2 0
github.com/davidl71/exarp-go/internal/cli/cli.go:208.30,210.3 1 0
github.com/davidl71/exarp-go/internal/cli/cli.go:212.2,212.44 1 0
github.com/davidl71/exarp-go/internal/cli/cli.go:212.44,214.10 2 0
github.com/davidl71/exarp-go/internal/cli/cli.go:214.10,215.12 1 0
github.com/davidl71/exarp-go/internal/cli/cli.go:218.3,219.19 2 0
github.com/davidl71/exarp-go/internal/cli/cli.go:220.17,221.72 1 0
github.com/davidl71/exarp-go/internal/cli/cli.go:221.72,223.5 1 0
github.com/davidl71/exarp-go/internal/cli/cli.go:223.10,225.5 1 0
github.com/davidl71/exarp-go/internal/cli/cli.go:226.18,227.22 1 0
github.com/davidl71/exarp-go/internal/cli/cli.go:228.28,229.18 1 0
github.com/davidl71/exarp-go/internal/cli/cli.go:230.16,231.32 1 0
github.com/davidl71/exarp-go/internal/cli/cli.go:232.17,233.41 1 0
github.com/davidl71/exarp-go/internal/cli/cli.go:234.11,235.20 1 0
github.com/davidl71/exarp-go/internal/cli/cli.go:239.2,239.13 1 0
github.com/davidl71/exarp-go/internal/cli/cli.go:243.55,250.6 5 0
github.com/davidl71/exarp-go/internal/cli/cli.go:250.6,256.18 5 0
github.com/davidl71/exarp-go/internal/cli/cli.go:256.18,257.12 1 0
github.com/davidl71/exarp-go/internal/cli/cli.go:260.3,261.22 2 0
github.com/davidl71/exarp-go/internal/cli/cli.go:261.22,262.12 1 0
github.com/davidl71/exarp-go/internal/cli/cli.go:265.3,266.14 2 0
github.com/davidl71/exarp-go/internal/cli/cli.go:267.23,268.14 1 0
github.com/davidl71/exarp-go/internal/cli/cli.go:269.15,270.14 1 0
github.com/davidl71/exarp-go/internal/cli/cli.go:271.15,272.24 1 0
github.com/davidl71/exarp-go/internal/cli/cli.go:273.11,275.53 2 0
github.com/davidl71/exarp-go/internal/cli/cli.go:281.18,302.2 20 0
github.com/davidl71/exarp-go/internal/cli/cli.go:305.17,311.2 5 0
github.com/davidl71/exarp-go/internal/cli/cli.go:314.73,317.29 3 0
github.com/davidl71/exarp-go/internal/cli/cli.go:317.29,319.3 1 0
github.com/davidl71/exarp-go/internal/cli/cli.go:321.2,321.15 1 0
github.com/davidl71/exarp-go/internal/cli/cli.go:322.14,323.43 1 0
github.com/davidl71/exarp-go/internal/cli/cli.go:324.13,325.42 1 0
github.com/davidl71/exarp-go/internal/cli/cli.go:326.14,327.43 1 0
github.com/davidl71/exarp-go/internal/cli/cli.go:328.10,329.81 1 0
github.com/davidl71/exarp-go/internal/cli/cli.go:334.55,365.2 30 0
github.com/davidl71/exarp-go/internal/cli/cli.go:368.54,399.2 30 0
github.com/davidl71/exarp-go/internal/cli/cli.go:402.55,412.2 9 0
github.com/davidl71/exarp-go/tests/fixtures/mock_server.go:44.45,51.2 1 0
github.com/davidl71/exarp-go/tests/fixtures/mock_server.go:54.127,58.16 3 0
github.com/davidl71/exarp-go/tests/fixtures/mock_server.go:58.16,60.3 1 0
github.com/davidl71/exarp-go/tests/fixtures/mock_server.go:61.2,61.20 1 0
github.com/davidl71/exarp-go/tests/fixtures/mock_server.go:61.20,63.3 1 0
github.com/davidl71/exarp-go/tests/fixtures/mock_server.go:65.2,65.40 1 0
github.com/davidl71/exarp-go/tests/fixtures/mock_server.go:65.40,67.3 1 0
github.com/davidl71/exarp-go/tests/fixtures/mock_server.go:69.2,76.12 2 0
github.com/davidl71/exarp-go/tests/fixtures/mock_server.go:80.102,84.16 3 0
github.com/davidl71/exarp-go/tests/fixtures/mock_server.go:84.16,86.3 1 0
github.com/davidl71/exarp-go/tests/fixtures/mock_server.go:87.2,87.20 1 0
github.com/davidl71/exarp-go/tests/fixtures/mock_server.go:87.20,89.3 1 0
github.com/davidl71/exarp-go/tests/fixtures/mock_server.go:91.2,91.42 1 0
github.com/davidl71/exarp-go/tests/fixtures/mock_server.go:91.42,93.3 1 0
github.com/davidl71/exarp-go/tests/fixtures/mock_server.go:95.2,101.12 2 0
github.com/davidl71/exarp-go/tests/fixtures/mock_server.go:105.121,109.15 3 0
github.com/davidl71/exarp-go/tests/fixtures/mock_server.go:109.15,111.3 1 0
github.com/davidl71/exarp-go/tests/fixtures/mock_server.go:112.2,112.20 1 0
github.com/davidl71/exarp-go/tests/fixtures/mock_server.go:112.20,114.3 1 0
github.com/davidl71/exarp-go/tests/fixtures/mock_server.go:116.2,116.43 1 0
github.com/davidl71/exarp-go/tests/fixtures/mock_server.go:116.43,118.3 1 0
github.com/davidl71/exarp-go/tests/fixtures/mock_server.go:120.2,128.12 2 0
github.com/davidl71/exarp-go/tests/fixtures/mock_server.go:132.84,136.2 2 0
github.com/davidl71/exarp-go/tests/fixtures/mock_server.go:139.39,141.2 1 0
github.com/davidl71/exarp-go/tests/fixtures/mock_server.go:144.61,149.2 4 0
github.com/davidl71/exarp-go/tests/fixtures/mock_server.go:152.65,157.2 4 0
github.com/davidl71/exarp-go/tests/fixtures/mock_server.go:160.68,165.2 4 0
github.com/davidl71/exarp-go/tests/fixtures/mock_server.go:168.38,172.2 3 0
github.com/davidl71/exarp-go/tests/fixtures/mock_server.go:175.40,179.2 3 0
github.com/davidl71/exarp-go/tests/fixtures/mock_server.go:182.42,186.2 3 0
github.com/davidl71/exarp-go/tests/fixtures/mock_server.go:189.120,191.13 2 0
github.com/davidl71/exarp-go/tests/fixtures/mock_server.go:191.13,193.3 1 0
github.com/davidl71/exarp-go/tests/fixtures/mock_server.go:194.2,194.32 1 0
github.com/davidl71/exarp-go/tests/fixtures/mock_server.go:198.115,200.13 2 0
github.com/davidl71/exarp-go/tests/fixtures/mock_server.go:200.13,202.3 1 0
github.com/davidl71/exarp-go/tests/fixtures/mock_server.go:203.2,203.34 1 0
github.com/davidl71/exarp-go/tests/fixtures/mock_server.go:207.92,209.13 2 0
github.com/davidl71/exarp-go/tests/fixtures/mock_server.go:209.13,211.3 1 0
github.com/davidl71/exarp-go/tests/fixtures/mock_server.go:212.2,212.35 1 0
github.com/davidl71/exarp-go/tests/fixtures/mock_server.go:216.55,221.31 4 0
github.com/davidl71/exarp-go/tests/fixtures/mock_server.go:221.31,227.3 1 0
github.com/davidl71/exarp-go/tests/fixtures/mock_server.go:228.2,228.14 1 0
github.com/davidl71/exarp-go/tests/fixtures/test_helpers.go:10.79,12.2 1 0
github.com/davidl71/exarp-go/tests/fixtures/test_helpers.go:15.79,22.2 1 0
github.com/davidl71/exarp-go/tests/fixtures/test_helpers.go:25.81,31.2 1 0
github.com/davidl71/exarp-go/tests/fixtures/test_helpers.go:34.84,43.2 1 0
github.com/davidl71/exarp-go/tests/fixtures/test_helpers.go:46.63,48.16 2 0
github.com/davidl71/exarp-go/tests/fixtures/test_helpers.go:48.16,50.3 1 0
github.com/davidl71/exarp-go/tests/fixtures/test_helpers.go:51.2,51.35 1 0
github.com/davidl71/exarp-go/tests/fixtures/test_helpers.go:55.58,57.16 2 0
github.com/davidl71/exarp-go/tests/fixtures/test_helpers.go:57.16,58.13 1 0
github.com/davidl71/exarp-go/tests/fixtures/test_helpers.go:60.2,60.13 1 0
github.com/davidl71/exarp-go/internal/tools/alignment_analysis.go:17.120,20.71 2 4
github.com/davidl71/exarp-go/internal/tools/alignment_analysis.go:20.71,22.3 1 2
github.com/davidl71/exarp-go/internal/tools/alignment_analysis.go:24.2,24.16 1 4
github.com/davidl71/exarp-go/internal/tools/alignment_analysis.go:25.15,26.43 1 4
github.com/davidl71/exarp-go/internal/tools/alignment_analysis.go:27.13,29.96 1 0
github.com/davidl71/exarp-go/internal/tools/alignment_analysis.go:30.10,31.87 1 0
github.com/davidl71/exarp-go/internal/tools/alignment_analysis.go:36.112,39.16 2 4
github.com/davidl71/exarp-go/internal/tools/alignment_analysis.go:39.16,41.58 1 0
github.com/davidl71/exarp-go/internal/tools/alignment_analysis.go:41.58,43.4 1 0
github.com/davidl71/exarp-go/internal/tools/alignment_analysis.go:43.9,46.4 2 0
github.com/davidl71/exarp-go/internal/tools/alignment_analysis.go:50.2,51.16 2 4
github.com/davidl71/exarp-go/internal/tools/alignment_analysis.go:51.16,53.3 1 0
github.com/davidl71/exarp-go/internal/tools/alignment_analysis.go:56.2,58.56 3 4
github.com/davidl71/exarp-go/internal/tools/alignment_analysis.go:58.56,60.3 1 0
github.com/davidl71/exarp-go/internal/tools/alignment_analysis.go:63.2,67.65 3 4
github.com/davidl71/exarp-go/internal/tools/alignment_analysis.go:67.65,69.3 1 1
github.com/davidl71/exarp-go/internal/tools/alignment_analysis.go:71.2,72.84 2 4
github.com/davidl71/exarp-go/internal/tools/alignment_analysis.go:72.84,74.3 1 0
github.com/davidl71/exarp-go/internal/tools/alignment_analysis.go:74.8,76.3 1 4
github.com/davidl71/exarp-go/internal/tools/alignment_analysis.go:79.2,80.62 2 4
github.com/davidl71/exarp-go/internal/tools/alignment_analysis.go:80.62,84.3 1 0
github.com/davidl71/exarp-go/internal/tools/alignment_analysis.go:87.2,87.22 1 4
github.com/davidl71/exarp-go/internal/tools/alignment_analysis.go:87.22,90.34 3 4
github.com/davidl71/exarp-go/internal/tools/alignment_analysis.go:90.34,92.4 1 0
github.com/davidl71/exarp-go/internal/tools/alignment_analysis.go:95.3,95.69 1 4
github.com/davidl71/exarp-go/internal/tools/alignment_analysis.go:95.69,97.4 1 4
github.com/davidl71/exarp-go/internal/tools/alignment_analysis.go:98.3,98.35 1 4
github.com/davidl71/exarp-go/internal/tools/alignment_analysis.go:102.2,116.16 3 4
github.com/davidl71/exarp-go/internal/tools/alignment_analysis.go:116.16,118.3 1 0
github.com/davidl71/exarp-go/internal/tools/alignment_analysis.go:120.2,122.8 1 4
github.com/davidl71/exarp-go/internal/tools/alignment_analysis.go:138.85,153.29 4 4
github.com/davidl71/exarp-go/internal/tools/alignment_analysis.go:153.29,156.21 2 384
github.com/davidl71/exarp-go/internal/tools/alignment_analysis.go:156.21,158.4 1 0
github.com/davidl71/exarp-go/internal/tools/alignment_analysis.go:159.3,166.16 5 384
github.com/davidl71/exarp-go/internal/tools/alignment_analysis.go:166.16,168.4 1 384
github.com/davidl71/exarp-go/internal/tools/alignment_analysis.go:168.9,170.34 1 0
github.com/davidl71/exarp-go/internal/tools/alignment_analysis.go:170.34,172.5 1 0
github.com/davidl71/exarp-go/internal/tools/alignment_analysis.go:172.10,172.32 1 0
github.com/davidl71/exarp-go/internal/tools/alignment_analysis.go:172.32,174.5 1 0
github.com/davidl71/exarp-go/internal/tools/alignment_analysis.go:174.10,176.5 1 0
github.com/davidl71/exarp-go/internal/tools/alignment_analysis.go:181.2,181.20 1 4
github.com/davidl71/exarp-go/internal/tools/alignment_analysis.go:181.20,183.3 1 4
github.com/davidl71/exarp-go/internal/tools/alignment_analysis.go:185.2,185.17 1 4
github.com/davidl71/exarp-go/internal/tools/alignment_analysis.go:189.53,190.24 1 4
github.com/davidl71/exarp-go/internal/tools/alignment_analysis.go:190.24,192.3 1 4
github.com/davidl71/exarp-go/internal/tools/alignment_analysis.go:194.2,204.35 4 0
github.com/davidl71/exarp-go/internal/tools/alignment_analysis.go:204.35,205.41 1 0
github.com/davidl71/exarp-go/internal/tools/alignment_analysis.go:205.41,207.4 1 0
github.com/davidl71/exarp-go/internal/tools/alignment_analysis.go:210.2,210.14 1 0
github.com/davidl71/exarp-go/internal/tools/alignment_analysis.go:214.66,215.25 1 384
github.com/davidl71/exarp-go/internal/tools/alignment_analysis.go:215.25,218.3 1 384
github.com/davidl71/exarp-go/internal/tools/alignment_analysis.go:221.2,224.33 2 0
github.com/davidl71/exarp-go/internal/tools/alignment_analysis.go:224.33,225.39 1 0
github.com/davidl71/exarp-go/internal/tools/alignment_analysis.go:225.39,227.4 1 0
github.com/davidl71/exarp-go/internal/tools/alignment_analysis.go:231.2,231.32 1 0
github.com/davidl71/exarp-go/internal/tools/alignment_analysis.go:231.32,233.34 2 0
github.com/davidl71/exarp-go/internal/tools/alignment_analysis.go:233.34,234.40 1 0
github.com/davidl71/exarp-go/internal/tools/alignment_analysis.go:234.40,236.5 1 0
github.com/davidl71/exarp-go/internal/tools/alignment_analysis.go:240.2,240.14 1 0
github.com/davidl71/exarp-go/internal/tools/alignment_analysis.go:244.48,248.40 3 0
github.com/davidl71/exarp-go/internal/tools/alignment_analysis.go:248.40,249.42 1 0
github.com/davidl71/exarp-go/internal/tools/alignment_analysis.go:249.42,251.4 1 0
github.com/davidl71/exarp-go/internal/tools/alignment_analysis.go:254.2,254.14 1 0
github.com/davidl71/exarp-go/internal/tools/alignment_analysis.go:258.39,261.32 1 0
github.com/davidl71/exarp-go/internal/tools/alignment_analysis.go:261.32,262.38 1 0
github.com/davidl71/exarp-go/internal/tools/alignment_analysis.go:262.38,264.4 1 0
github.com/davidl71/exarp-go/internal/tools/alignment_analysis.go:267.2,267.14 1 0
github.com/davidl71/exarp-go/internal/tools/alignment_analysis.go:271.85,295.51 2 4
github.com/davidl71/exarp-go/internal/tools/alignment_analysis.go:295.51,297.3 1 12
github.com/davidl71/exarp-go/internal/tools/alignment_analysis.go:299.2,300.47 2 4
github.com/davidl71/exarp-go/internal/tools/alignment_analysis.go:300.47,302.3 1 12
github.com/davidl71/exarp-go/internal/tools/alignment_analysis.go:304.2,304.39 1 4
github.com/davidl71/exarp-go/internal/tools/alignment_analysis.go:304.39,306.49 2 0
github.com/davidl71/exarp-go/internal/tools/alignment_analysis.go:306.49,308.4 1 0
github.com/davidl71/exarp-go/internal/tools/alignment_analysis.go:311.2,311.15 1 4
github.com/davidl71/exarp-go/internal/tools/apple_foundation.go:17.110,20.24 2 17
github.com/davidl71/exarp-go/internal/tools/apple_foundation.go:20.24,27.3 1 0
github.com/davidl71/exarp-go/internal/tools/apple_foundation.go:30.2,31.54 2 17
github.com/davidl71/exarp-go/internal/tools/apple_foundation.go:31.54,33.3 1 2
github.com/davidl71/exarp-go/internal/tools/apple_foundation.go:36.2,37.25 2 15
github.com/davidl71/exarp-go/internal/tools/apple_foundation.go:37.25,39.3 1 4
github.com/davidl71/exarp-go/internal/tools/apple_foundation.go:42.2,43.71 2 11
github.com/davidl71/exarp-go/internal/tools/apple_foundation.go:43.71,45.3 1 6
github.com/davidl71/exarp-go/internal/tools/apple_foundation.go:48.2,54.16 5 11
github.com/davidl71/exarp-go/internal/tools/apple_foundation.go:55.29,57.51 1 7
github.com/davidl71/exarp-go/internal/tools/apple_foundation.go:58.19,60.52 1 2
github.com/davidl71/exarp-go/internal/tools/apple_foundation.go:61.18,63.51 1 1
github.com/davidl71/exarp-go/internal/tools/apple_foundation.go:64.10,65.107 1 1
github.com/davidl71/exarp-go/internal/tools/apple_foundation.go:68.2,68.16 1 10
github.com/davidl71/exarp-go/internal/tools/apple_foundation.go:68.16,70.3 1 0
github.com/davidl71/exarp-go/internal/tools/apple_foundation.go:72.2,74.8 1 10
github.com/davidl71/exarp-go/internal/tools/apple_foundation.go:78.99,85.2 4 7
github.com/davidl71/exarp-go/internal/tools/apple_foundation.go:88.98,94.40 3 2
github.com/davidl71/exarp-go/internal/tools/apple_foundation.go:94.40,96.3 1 2
github.com/davidl71/exarp-go/internal/tools/apple_foundation.go:99.2,100.22 2 2
github.com/davidl71/exarp-go/internal/tools/apple_foundation.go:104.97,107.65 2 1
github.com/davidl71/exarp-go/internal/tools/apple_foundation.go:107.65,109.3 1 0
github.com/davidl71/exarp-go/internal/tools/apple_foundation.go:112.2,116.40 3 1
github.com/davidl71/exarp-go/internal/tools/apple_foundation.go:116.40,118.3 1 1
github.com/davidl71/exarp-go/internal/tools/apple_foundation.go:121.2,122.22 2 1
github.com/davidl71/exarp-go/internal/tools/apple_foundation.go:126.82,130.53 2 0
github.com/davidl71/exarp-go/internal/tools/apple_foundation.go:130.53,133.3 2 0
github.com/davidl71/exarp-go/internal/tools/apple_foundation.go:136.2,136.57 1 0
github.com/davidl71/exarp-go/internal/tools/apple_foundation.go:136.57,139.3 2 0
github.com/davidl71/exarp-go/internal/tools/apple_foundation.go:141.2,141.16 1 0
github.com/davidl71/exarp-go/internal/tools/apple_foundation_helpers.go:7.60,8.53 1 14
github.com/davidl71/exarp-go/internal/tools/apple_foundation_helpers.go:8.53,10.3 1 4
github.com/davidl71/exarp-go/internal/tools/apple_foundation_helpers.go:11.2,11.12 1 10
github.com/davidl71/exarp-go/internal/tools/apple_foundation_helpers.go:15.54,17.53 1 14
github.com/davidl71/exarp-go/internal/tools/apple_foundation_helpers.go:17.53,19.3 1 2
github.com/davidl71/exarp-go/internal/tools/apple_foundation_helpers.go:20.2,20.57 1 12
github.com/davidl71/exarp-go/internal/tools/apple_foundation_helpers.go:20.57,22.3 1 2
github.com/davidl71/exarp-go/internal/tools/apple_foundation_helpers.go:23.2,23.12 1 10
github.com/davidl71/exarp-go/internal/tools/apple_foundation_registry.go:14.74,48.16 1 3
github.com/davidl71/exarp-go/internal/tools/apple_foundation_registry.go:48.16,50.3 1 0
github.com/davidl71/exarp-go/internal/tools/apple_foundation_registry.go:52.2,52.12 1 3
github.com/davidl71/exarp-go/internal/tools/attribution_check.go:17.120,20.16 2 0
github.com/davidl71/exarp-go/internal/tools/attribution_check.go:20.16,22.58 1 0
github.com/davidl71/exarp-go/internal/tools/attribution_check.go:22.58,24.4 1 0
github.com/davidl71/exarp-go/internal/tools/attribution_check.go:24.9,27.4 2 0
github.com/davidl71/exarp-go/internal/tools/attribution_check.go:31.2,32.61 2 0
github.com/davidl71/exarp-go/internal/tools/attribution_check.go:32.61,34.3 1 0
github.com/davidl71/exarp-go/internal/tools/attribution_check.go:36.2,37.84 2 0
github.com/davidl71/exarp-go/internal/tools/attribution_check.go:37.84,39.3 1 0
github.com/davidl71/exarp-go/internal/tools/attribution_check.go:39.8,41.3 1 0
github.com/davidl71/exarp-go/internal/tools/attribution_check.go:44.2,48.17 3 0
github.com/davidl71/exarp-go/internal/tools/attribution_check.go:48.17,51.3 1 0
github.com/davidl71/exarp-go/internal/tools/attribution_check.go:54.2,54.22 1 0
github.com/davidl71/exarp-go/internal/tools/attribution_check.go:54.22,57.34 3 0
github.com/davidl71/exarp-go/internal/tools/attribution_check.go:57.34,59.4 1 0
github.com/davidl71/exarp-go/internal/tools/attribution_check.go:62.3,62.69 1 0
github.com/davidl71/exarp-go/internal/tools/attribution_check.go:62.69,64.4 1 0
github.com/davidl71/exarp-go/internal/tools/attribution_check.go:65.3,65.34 1 0
github.com/davidl71/exarp-go/internal/tools/attribution_check.go:69.2,81.16 3 0
github.com/davidl71/exarp-go/internal/tools/attribution_check.go:81.16,83.3 1 0
github.com/davidl71/exarp-go/internal/tools/attribution_check.go:85.2,87.8 1 0
github.com/davidl71/exarp-go/internal/tools/attribution_check.go:101.69,112.53 3 0
github.com/davidl71/exarp-go/internal/tools/attribution_check.go:112.53,114.3 1 0
github.com/davidl71/exarp-go/internal/tools/attribution_check.go:114.8,122.3 3 0
github.com/davidl71/exarp-go/internal/tools/attribution_check.go:125.2,131.34 3 0
github.com/davidl71/exarp-go/internal/tools/attribution_check.go:131.34,133.3 1 0
github.com/davidl71/exarp-go/internal/tools/attribution_check.go:135.2,135.16 1 0
github.com/davidl71/exarp-go/internal/tools/attribution_check.go:139.76,142.46 2 0
github.com/davidl71/exarp-go/internal/tools/attribution_check.go:142.46,144.17 2 0
github.com/davidl71/exarp-go/internal/tools/attribution_check.go:144.17,147.64 2 0
github.com/davidl71/exarp-go/internal/tools/attribution_check.go:147.64,149.5 1 0
github.com/davidl71/exarp-go/internal/tools/attribution_check.go:149.10,155.5 1 0
github.com/davidl71/exarp-go/internal/tools/attribution_check.go:160.2,161.50 2 0
github.com/davidl71/exarp-go/internal/tools/attribution_check.go:161.50,163.17 2 0
github.com/davidl71/exarp-go/internal/tools/attribution_check.go:163.17,165.47 2 0
github.com/davidl71/exarp-go/internal/tools/attribution_check.go:165.47,167.5 1 0
github.com/davidl71/exarp-go/internal/tools/attribution_check.go:167.10,173.5 1 0
github.com/davidl71/exarp-go/internal/tools/attribution_check.go:179.76,194.35 3 0
github.com/davidl71/exarp-go/internal/tools/attribution_check.go:194.35,196.45 2 0
github.com/davidl71/exarp-go/internal/tools/attribution_check.go:196.45,198.4 1 0
github.com/davidl71/exarp-go/internal/tools/attribution_check.go:203.107,205.78 1 0
github.com/davidl71/exarp-go/internal/tools/attribution_check.go:205.78,206.17 1 0
github.com/davidl71/exarp-go/internal/tools/attribution_check.go:206.17,208.4 1 0
github.com/davidl71/exarp-go/internal/tools/attribution_check.go:211.3,211.42 1 0
github.com/davidl71/exarp-go/internal/tools/attribution_check.go:211.42,212.20 1 0
github.com/davidl71/exarp-go/internal/tools/attribution_check.go:212.20,214.5 1 0
github.com/davidl71/exarp-go/internal/tools/attribution_check.go:215.4,215.14 1 0
github.com/davidl71/exarp-go/internal/tools/attribution_check.go:219.3,220.67 2 0
github.com/davidl71/exarp-go/internal/tools/attribution_check.go:220.67,222.4 1 0
github.com/davidl71/exarp-go/internal/tools/attribution_check.go:225.3,226.61 2 0
github.com/davidl71/exarp-go/internal/tools/attribution_check.go:226.61,228.4 1 0
github.com/davidl71/exarp-go/internal/tools/attribution_check.go:231.3,232.17 2 0
github.com/davidl71/exarp-go/internal/tools/attribution_check.go:232.17,234.4 1 0
github.com/davidl71/exarp-go/internal/tools/attribution_check.go:236.3,242.28 5 0
github.com/davidl71/exarp-go/internal/tools/attribution_check.go:242.28,244.4 1 0
github.com/davidl71/exarp-go/internal/tools/attribution_check.go:245.3,247.36 2 0
github.com/davidl71/exarp-go/internal/tools/attribution_check.go:247.36,248.35 1 0
github.com/davidl71/exarp-go/internal/tools/attribution_check.go:248.35,250.10 2 0
github.com/davidl71/exarp-go/internal/tools/attribution_check.go:254.3,254.21 1 0
github.com/davidl71/exarp-go/internal/tools/attribution_check.go:254.21,256.4 1 0
github.com/davidl71/exarp-go/internal/tools/attribution_check.go:256.9,263.4 1 0
github.com/davidl71/exarp-go/internal/tools/attribution_check.go:265.3,265.13 1 0
github.com/davidl71/exarp-go/internal/tools/attribution_check.go:270.87,293.46 2 0
github.com/davidl71/exarp-go/internal/tools/attribution_check.go:293.46,295.3 1 0
github.com/davidl71/exarp-go/internal/tools/attribution_check.go:297.2,297.41 1 0
github.com/davidl71/exarp-go/internal/tools/attribution_check.go:297.41,299.51 2 0
github.com/davidl71/exarp-go/internal/tools/attribution_check.go:299.51,301.4 1 0
github.com/davidl71/exarp-go/internal/tools/attribution_check.go:304.2,304.31 1 0
github.com/davidl71/exarp-go/internal/tools/attribution_check.go:304.31,306.44 2 0
github.com/davidl71/exarp-go/internal/tools/attribution_check.go:306.44,308.4 1 0
github.com/davidl71/exarp-go/internal/tools/attribution_check.go:311.2,311.15 1 0
github.com/davidl71/exarp-go/internal/tools/config_generator.go:16.109,18.54 2 0
github.com/davidl71/exarp-go/internal/tools/config_generator.go:18.54,20.3 1 0
github.com/davidl71/exarp-go/internal/tools/config_generator.go:22.2,23.55 2 0
github.com/davidl71/exarp-go/internal/tools/config_generator.go:23.55,25.3 1 0
github.com/davidl71/exarp-go/internal/tools/config_generator.go:28.2,33.16 4 0
github.com/davidl71/exarp-go/internal/tools/config_generator.go:33.16,35.58 1 0
github.com/davidl71/exarp-go/internal/tools/config_generator.go:35.58,37.4 1 0
github.com/davidl71/exarp-go/internal/tools/config_generator.go:37.9,41.4 2 0
github.com/davidl71/exarp-go/internal/tools/config_generator.go:44.2,44.16 1 0
github.com/davidl71/exarp-go/internal/tools/config_generator.go:45.15,46.55 1 0
github.com/davidl71/exarp-go/internal/tools/config_generator.go:47.16,48.56 1 0
github.com/davidl71/exarp-go/internal/tools/config_generator.go:49.18,50.55 1 0
github.com/davidl71/exarp-go/internal/tools/config_generator.go:51.10,52.93 1 0
github.com/davidl71/exarp-go/internal/tools/config_generator.go:57.131,64.17 5 0
github.com/davidl71/exarp-go/internal/tools/config_generator.go:64.17,74.3 4 0
github.com/davidl71/exarp-go/internal/tools/config_generator.go:76.2,77.20 2 0
github.com/davidl71/exarp-go/internal/tools/config_generator.go:77.20,79.28 2 0
github.com/davidl71/exarp-go/internal/tools/config_generator.go:79.28,81.4 1 0
github.com/davidl71/exarp-go/internal/tools/config_generator.go:84.2,96.79 4 0
github.com/davidl71/exarp-go/internal/tools/config_generator.go:100.132,102.54 2 0
github.com/davidl71/exarp-go/internal/tools/config_generator.go:102.54,104.3 1 0
github.com/davidl71/exarp-go/internal/tools/config_generator.go:106.2,107.53 2 0
github.com/davidl71/exarp-go/internal/tools/config_generator.go:107.53,109.3 1 0
github.com/davidl71/exarp-go/internal/tools/config_generator.go:111.2,121.79 5 0
github.com/davidl71/exarp-go/internal/tools/config_generator.go:125.131,131.24 5 0
github.com/davidl71/exarp-go/internal/tools/config_generator.go:131.24,133.76 2 0
github.com/davidl71/exarp-go/internal/tools/config_generator.go:133.76,134.34 1 0
github.com/davidl71/exarp-go/internal/tools/config_generator.go:134.34,135.34 1 0
github.com/davidl71/exarp-go/internal/tools/config_generator.go:135.34,137.6 1 0
github.com/davidl71/exarp-go/internal/tools/config_generator.go:143.2,143.25 1 0
github.com/davidl71/exarp-go/internal/tools/config_generator.go:143.25,146.53 2 0
github.com/davidl71/exarp-go/internal/tools/config_generator.go:146.53,148.4 1 0
github.com/davidl71/exarp-go/internal/tools/config_generator.go:151.3,152.82 2 0
github.com/davidl71/exarp-go/internal/tools/config_generator.go:152.82,154.4 1 0
github.com/davidl71/exarp-go/internal/tools/config_generator.go:157.2,168.79 4 0
github.com/davidl71/exarp-go/internal/tools/config_generator.go:178.72,183.2 1 0
github.com/davidl71/exarp-go/internal/tools/config_generator.go:186.72,210.36 7 0
github.com/davidl71/exarp-go/internal/tools/config_generator.go:210.36,211.35 1 0
github.com/davidl71/exarp-go/internal/tools/config_generator.go:211.35,212.34 1 0
github.com/davidl71/exarp-go/internal/tools/config_generator.go:212.34,214.49 2 0
github.com/davidl71/exarp-go/internal/tools/config_generator.go:214.49,216.6 1 0
github.com/davidl71/exarp-go/internal/tools/config_generator.go:222.2,222.31 1 0
github.com/davidl71/exarp-go/internal/tools/config_generator.go:222.31,223.31 1 0
github.com/davidl71/exarp-go/internal/tools/config_generator.go:223.31,225.4 1 0
github.com/davidl71/exarp-go/internal/tools/config_generator.go:226.3,226.30 1 0
github.com/davidl71/exarp-go/internal/tools/config_generator.go:226.30,228.4 1 0
github.com/davidl71/exarp-go/internal/tools/config_generator.go:229.3,229.33 1 0
github.com/davidl71/exarp-go/internal/tools/config_generator.go:229.33,231.42 2 0
github.com/davidl71/exarp-go/internal/tools/config_generator.go:231.42,233.5 1 0
github.com/davidl71/exarp-go/internal/tools/config_generator.go:238.2,238.33 1 0
github.com/davidl71/exarp-go/internal/tools/config_generator.go:238.33,241.48 3 0
github.com/davidl71/exarp-go/internal/tools/config_generator.go:241.48,243.42 2 0
github.com/davidl71/exarp-go/internal/tools/config_generator.go:243.42,245.5 1 0
github.com/davidl71/exarp-go/internal/tools/config_generator.go:247.3,247.47 1 0
github.com/davidl71/exarp-go/internal/tools/config_generator.go:247.47,249.4 1 0
github.com/davidl71/exarp-go/internal/tools/config_generator.go:250.3,250.44 1 0
github.com/davidl71/exarp-go/internal/tools/config_generator.go:250.44,252.42 2 0
github.com/davidl71/exarp-go/internal/tools/config_generator.go:252.42,254.5 1 0
github.com/davidl71/exarp-go/internal/tools/config_generator.go:259.2,259.78 1 0
github.com/davidl71/exarp-go/internal/tools/config_generator.go:259.78,261.45 2 0
github.com/davidl71/exarp-go/internal/tools/config_generator.go:261.45,263.4 1 0
github.com/davidl71/exarp-go/internal/tools/config_generator.go:267.2,268.30 2 0
github.com/davidl71/exarp-go/internal/tools/config_generator.go:268.30,269.26 1 0
github.com/davidl71/exarp-go/internal/tools/config_generator.go:269.26,271.42 2 0
github.com/davidl71/exarp-go/internal/tools/config_generator.go:271.42,273.5 1 0
github.com/davidl71/exarp-go/internal/tools/config_generator.go:274.4,274.9 1 0
github.com/davidl71/exarp-go/internal/tools/config_generator.go:278.2,283.17 5 0
github.com/davidl71/exarp-go/internal/tools/config_generator.go:287.101,289.54 1 0
github.com/davidl71/exarp-go/internal/tools/config_generator.go:289.54,296.3 1 0
github.com/davidl71/exarp-go/internal/tools/config_generator.go:298.2,303.31 4 0
github.com/davidl71/exarp-go/internal/tools/config_generator.go:303.31,305.3 1 0
github.com/davidl71/exarp-go/internal/tools/config_generator.go:307.2,318.43 5 0
github.com/davidl71/exarp-go/internal/tools/config_generator.go:318.43,320.14 2 0
github.com/davidl71/exarp-go/internal/tools/config_generator.go:320.14,322.12 2 0
github.com/davidl71/exarp-go/internal/tools/config_generator.go:325.3,328.60 2 0
github.com/davidl71/exarp-go/internal/tools/config_generator.go:328.60,334.12 2 0
github.com/davidl71/exarp-go/internal/tools/config_generator.go:338.3,338.80 1 0
github.com/davidl71/exarp-go/internal/tools/config_generator.go:338.80,340.12 2 0
github.com/davidl71/exarp-go/internal/tools/config_generator.go:343.3,346.5 1 0
github.com/davidl71/exarp-go/internal/tools/config_generator.go:349.2,353.16 4 0
github.com/davidl71/exarp-go/internal/tools/config_generator.go:358.71,360.2 1 0
github.com/davidl71/exarp-go/internal/tools/config_generator.go:362.73,365.2 2 0
github.com/davidl71/exarp-go/internal/tools/config_generator.go:367.62,371.2 3 0
github.com/davidl71/exarp-go/internal/tools/config_generator.go:373.66,377.2 3 0
github.com/davidl71/exarp-go/internal/tools/config_generator.go:379.65,382.16 3 0
github.com/davidl71/exarp-go/internal/tools/config_generator.go:382.16,384.3 1 0
github.com/davidl71/exarp-go/internal/tools/config_generator.go:385.2,385.24 1 0
github.com/davidl71/exarp-go/internal/tools/config_generator.go:388.67,390.19 2 0
github.com/davidl71/exarp-go/internal/tools/config_generator.go:390.19,392.3 1 0
github.com/davidl71/exarp-go/internal/tools/config_generator.go:394.2,395.62 2 0
github.com/davidl71/exarp-go/internal/tools/config_generator.go:395.62,397.3 1 0
github.com/davidl71/exarp-go/internal/tools/config_generator.go:399.2,400.69 2 0
github.com/davidl71/exarp-go/internal/tools/config_generator.go:400.69,401.26 1 0
github.com/davidl71/exarp-go/internal/tools/config_generator.go:401.26,403.4 1 0
github.com/davidl71/exarp-go/internal/tools/config_generator.go:405.2,405.75 1 0
github.com/davidl71/exarp-go/internal/tools/config_generator.go:405.75,406.29 1 0
github.com/davidl71/exarp-go/internal/tools/config_generator.go:406.29,408.4 1 0
github.com/davidl71/exarp-go/internal/tools/config_generator.go:411.2,411.22 1 0
github.com/davidl71/exarp-go/internal/tools/config_generator.go:414.49,415.26 1 0
github.com/davidl71/exarp-go/internal/tools/config_generator.go:415.26,416.16 1 0
github.com/davidl71/exarp-go/internal/tools/config_generator.go:416.16,418.4 1 0
github.com/davidl71/exarp-go/internal/tools/config_generator.go:420.2,420.14 1 0
github.com/davidl71/exarp-go/internal/tools/config_generator.go:423.39,425.2 1 0
github.com/davidl71/exarp-go/internal/tools/config_generator.go:433.60,437.2 3 0
github.com/davidl71/exarp-go/internal/tools/config_generator.go:445.74,449.2 1 0
github.com/davidl71/exarp-go/internal/tools/config_generator.go:452.127,470.20 8 0
github.com/davidl71/exarp-go/internal/tools/config_generator.go:470.20,473.34 3 0
github.com/davidl71/exarp-go/internal/tools/config_generator.go:473.34,476.4 2 0
github.com/davidl71/exarp-go/internal/tools/config_generator.go:479.2,479.13 1 0
github.com/davidl71/exarp-go/internal/tools/config_generator.go:479.13,480.91 1 0
github.com/davidl71/exarp-go/internal/tools/config_generator.go:480.91,482.4 1 0
github.com/davidl71/exarp-go/internal/tools/config_generator.go:482.9,484.4 1 0
github.com/davidl71/exarp-go/internal/tools/config_generator.go:485.8,488.3 1 0
github.com/davidl71/exarp-go/internal/tools/config_generator.go:491.2,491.21 1 0
github.com/davidl71/exarp-go/internal/tools/config_generator.go:491.21,495.14 3 0
github.com/davidl71/exarp-go/internal/tools/config_generator.go:495.14,496.96 1 0
github.com/davidl71/exarp-go/internal/tools/config_generator.go:496.96,498.5 1 0
github.com/davidl71/exarp-go/internal/tools/config_generator.go:498.10,500.5 1 0
github.com/davidl71/exarp-go/internal/tools/config_generator.go:501.9,503.4 1 0
github.com/davidl71/exarp-go/internal/tools/config_generator.go:506.2,513.16 7 0
github.com/davidl71/exarp-go/internal/tools/config_generator.go:517.76,522.32 3 0
github.com/davidl71/exarp-go/internal/tools/config_generator.go:522.32,523.26 1 0
github.com/davidl71/exarp-go/internal/tools/config_generator.go:523.26,525.4 1 0
github.com/davidl71/exarp-go/internal/tools/config_generator.go:529.2,530.32 2 0
github.com/davidl71/exarp-go/internal/tools/config_generator.go:530.32,531.26 1 0
github.com/davidl71/exarp-go/internal/tools/config_generator.go:531.26,533.4 1 0
github.com/davidl71/exarp-go/internal/tools/config_generator.go:537.2,537.44 1 0
github.com/davidl71/exarp-go/internal/tools/config_generator.go:537.44,539.3 1 0
github.com/davidl71/exarp-go/internal/tools/config_generator.go:541.2,541.17 1 0
github.com/davidl71/exarp-go/internal/tools/config_generator.go:544.67,548.2 3 0
github.com/davidl71/exarp-go/internal/tools/config_generator.go:550.74,553.84 2 0
github.com/davidl71/exarp-go/internal/tools/config_generator.go:553.84,554.17 1 0
github.com/davidl71/exarp-go/internal/tools/config_generator.go:554.17,556.4 1 0
github.com/davidl71/exarp-go/internal/tools/config_generator.go:557.3,557.20 1 0
github.com/davidl71/exarp-go/internal/tools/config_generator.go:557.20,559.15 2 0
github.com/davidl71/exarp-go/internal/tools/config_generator.go:559.15,562.5 2 0
github.com/davidl71/exarp-go/internal/tools/config_generator.go:564.3,564.13 1 0
github.com/davidl71/exarp-go/internal/tools/config_generator.go:566.2,566.14 1 0
github.com/davidl71/exarp-go/internal/tools/config_generator.go:569.63,573.2 3 0
github.com/davidl71/exarp-go/internal/tools/config_generator.go:575.38,627.2 1 0
github.com/davidl71/exarp-go/internal/tools/config_generator.go:629.40,650.2 1 0
github.com/davidl71/exarp-go/internal/tools/config_generator.go:658.60,662.2 1 0
github.com/davidl71/exarp-go/internal/tools/config_generator.go:665.114,678.41 6 0
github.com/davidl71/exarp-go/internal/tools/config_generator.go:678.41,680.32 2 0
github.com/davidl71/exarp-go/internal/tools/config_generator.go:680.32,682.4 1 0
github.com/davidl71/exarp-go/internal/tools/config_generator.go:684.3,684.54 1 0
github.com/davidl71/exarp-go/internal/tools/config_generator.go:684.54,689.12 2 0
github.com/davidl71/exarp-go/internal/tools/config_generator.go:692.3,693.17 2 0
github.com/davidl71/exarp-go/internal/tools/config_generator.go:693.17,698.12 2 0
github.com/davidl71/exarp-go/internal/tools/config_generator.go:701.3,706.52 4 0
github.com/davidl71/exarp-go/internal/tools/config_generator.go:706.52,710.55 3 0
github.com/davidl71/exarp-go/internal/tools/config_generator.go:710.55,717.5 2 0
github.com/davidl71/exarp-go/internal/tools/config_generator.go:720.3,720.35 1 0
github.com/davidl71/exarp-go/internal/tools/config_generator.go:720.35,723.23 2 0
github.com/davidl71/exarp-go/internal/tools/config_generator.go:723.23,725.5 1 0
github.com/davidl71/exarp-go/internal/tools/config_generator.go:727.4,727.15 1 0
github.com/davidl71/exarp-go/internal/tools/config_generator.go:727.15,729.24 1 0
github.com/davidl71/exarp-go/internal/tools/config_generator.go:729.24,730.57 1 0
github.com/davidl71/exarp-go/internal/tools/config_generator.go:730.57,735.15 2 0
github.com/davidl71/exarp-go/internal/tools/config_generator.go:739.5,739.85 1 0
github.com/davidl71/exarp-go/internal/tools/config_generator.go:739.85,744.14 2 0
github.com/davidl71/exarp-go/internal/tools/config_generator.go:748.4,754.69 2 0
github.com/davidl71/exarp-go/internal/tools/config_generator.go:755.9,760.4 1 0
github.com/davidl71/exarp-go/internal/tools/config_generator.go:763.2,767.16 4 0
github.com/davidl71/exarp-go/internal/tools/config_generator.go:770.63,797.2 1 0
github.com/davidl71/exarp-go/internal/tools/config_generator.go:799.49,981.2 1 0
[...]
github.com/davidl71/exarp-go/internal/tools/task_workflow_native.go:24.2,24.16 1 0
github.com/davidl71/exarp-go/internal/tools/task_workflow_native.go:25.17,26.48 1 0
github.com/davidl71/exarp-go/internal/tools/task_workflow_native.go:27.17,28.48 1 0
github.com/davidl71/exarp-go/internal/tools/task_workflow_native.go:29.36,31.79 1 0
github.com/davidl71/exarp-go/internal/tools/task_workflow_native.go:32.10,33.55 1 0
github.com/davidl71/exarp-go/internal/tools/task_workflow_native.go:38.117,41.24 2 0
github.com/davidl71/exarp-go/internal/tools/task_workflow_native.go:41.24,43.3 1 0
github.com/davidl71/exarp-go/internal/tools/task_workflow_native.go:45.2,46.21 2 0
github.com/davidl71/exarp-go/internal/tools/task_workflow_native.go:46.21,48.3 1 0
github.com/davidl71/exarp-go/internal/tools/task_workflow_native.go:50.2,50.19 1 0
github.com/davidl71/exarp-go/internal/tools/task_workflow_native.go:51.14,52.53 1 0
github.com/davidl71/exarp-go/internal/tools/task_workflow_native.go:53.17,54.47 1 0
github.com/davidl71/exarp-go/internal/tools/task_workflow_native.go:55.15,56.49 1 0
github.com/davidl71/exarp-go/internal/tools/task_workflow_native.go:57.10,58.98 1 0
github.com/davidl71/exarp-go/internal/tools/task_workflow_native.go:63.122,65.16 2 0
github.com/davidl71/exarp-go/internal/tools/task_workflow_native.go:65.16,67.3 1 0
github.com/davidl71/exarp-go/internal/tools/task_workflow_native.go:69.2,70.16 2 0
github.com/davidl71/exarp-go/internal/tools/task_workflow_native.go:70.16,72.3 1 0
github.com/davidl71/exarp-go/internal/tools/task_workflow_native.go:75.2,77.29 2 0
github.com/davidl71/exarp-go/internal/tools/task_workflow_native.go:77.29,78.36 1 0
github.com/davidl71/exarp-go/internal/tools/task_workflow_native.go:78.36,79.12 1 0
github.com/davidl71/exarp-go/internal/tools/task_workflow_native.go:83.3,87.67 3 0
github.com/davidl71/exarp-go/internal/tools/task_workflow_native.go:87.67,90.4 2 0
github.com/davidl71/exarp-go/internal/tools/task_workflow_native.go:93.3,93.25 1 0
github.com/davidl71/exarp-go/internal/tools/task_workflow_native.go:93.25,102.4 2 0
github.com/davidl71/exarp-go/internal/tools/task_workflow_native.go:105.2,115.8 3 0
github.com/davidl71/exarp-go/internal/tools/task_workflow_native.go:119.116,121.18 2 0
github.com/davidl71/exarp-go/internal/tools/task_workflow_native.go:121.18,123.3 1 0
github.com/davidl71/exarp-go/internal/tools/task_workflow_native.go:125.2,126.16 2 0
github.com/davidl71/exarp-go/internal/tools/task_workflow_native.go:126.16,128.3 1 0
github.com/davidl71/exarp-go/internal/tools/task_workflow_native.go:130.2,131.16 2 0
github.com/davidl71/exarp-go/internal/tools/task_workflow_native.go:131.16,133.3 1 0
github.com/davidl71/exarp-go/internal/tools/task_workflow_native.go:136.2,137.23 2 0
github.com/davidl71/exarp-go/internal/tools/task_workflow_native.go:137.23,138.28 1 0
github.com/davidl71/exarp-go/internal/tools/task_workflow_native.go:138.28,143.31 3 0
github.com/davidl71/exarp-go/internal/tools/task_workflow_native.go:143.31,145.39 1 0
github.com/davidl71/exarp-go/internal/tools/task_workflow_native.go:145.39,147.6 1 0
github.com/davidl71/exarp-go/internal/tools/task_workflow_native.go:147.11,149.6 1 0
github.com/davidl71/exarp-go/internal/tools/task_workflow_native.go:152.4,152.22 1 0
github.com/davidl71/exarp-go/internal/tools/task_workflow_native.go:152.22,154.33 1 0
github.com/davidl71/exarp-go/internal/tools/task_workflow_native.go:154.33,156.6 1 0
github.com/davidl71/exarp-go/internal/tools/task_workflow_native.go:157.5,157.59 1 0
github.com/davidl71/exarp-go/internal/tools/task_workflow_native.go:160.4,161.53 2 0
github.com/davidl71/exarp-go/internal/tools/task_workflow_native.go:161.53,163.5 1 0
github.com/davidl71/exarp-go/internal/tools/task_workflow_native.go:165.4,165.18 1 0
github.com/davidl71/exarp-go/internal/tools/task_workflow_native.go:165.18,167.5 1 0
github.com/davidl71/exarp-go/internal/tools/task_workflow_native.go:169.4,170.9 2 0
github.com/davidl71/exarp-go/internal/tools/task_workflow_native.go:174.2,174.12 1 0
github.com/davidl71/exarp-go/internal/tools/task_workflow_native.go:174.12,176.3 1 0
github.com/davidl71/exarp-go/internal/tools/task_workflow_native.go:179.2,179.59 1 0
github.com/davidl71/exarp-go/internal/tools/task_workflow_native.go:179.59,181.3 1 0
github.com/davidl71/exarp-go/internal/tools/task_workflow_native.go:183.2,193.8 3 0
github.com/davidl71/exarp-go/internal/tools/task_workflow_native.go:197.118,199.25 2 0
github.com/davidl71/exarp-go/internal/tools/task_workflow_native.go:199.25,201.3 1 0
github.com/davidl71/exarp-go/internal/tools/task_workflow_native.go:203.2,204.74 2 0
github.com/davidl71/exarp-go/internal/tools/task_workflow_native.go:204.74,206.3 1 0
github.com/davidl71/exarp-go/internal/tools/task_workflow_native.go:208.2,209.16 2 0
github.com/davidl71/exarp-go/internal/tools/task_workflow_native.go:209.16,211.3 1 0
github.com/davidl71/exarp-go/internal/tools/task_workflow_native.go:213.2,214.16 2 0
github.com/davidl71/exarp-go/internal/tools/task_workflow_native.go:214.16,216.3 1 0
github.com/davidl71/exarp-go/internal/tools/task_workflow_native.go:218.2,219.37 2 0
github.com/davidl71/exarp-go/internal/tools/task_workflow_native.go:219.37,221.19 2 0
github.com/davidl71/exarp-go/internal/tools/task_workflow_native.go:221.19,222.12 1 0
github.com/davidl71/exarp-go/internal/tools/task_workflow_native.go:225.3,225.24 1 0
github.com/davidl71/exarp-go/internal/tools/task_workflow_native.go:225.24,226.29 1 0
github.com/davidl71/exarp-go/internal/tools/task_workflow_native.go:226.29,230.32 3 0
github.com/davidl71/exarp-go/internal/tools/task_workflow_native.go:230.32,231.40 1 0
github.com/davidl71/exarp-go/internal/tools/task_workflow_native.go:231.40,233.7 1 0
github.com/davidl71/exarp-go/internal/tools/task_workflow_native.go:233.12,235.7 1 0
github.com/davidl71/exarp-go/internal/tools/task_workflow_native.go:238.5,238.27 1 0
github.com/davidl71/exarp-go/internal/tools/task_workflow_native.go:238.27,239.34 1 0
github.com/davidl71/exarp-go/internal/tools/task_workflow_native.go:239.34,241.7 1 0
github.com/davidl71/exarp-go/internal/tools/task_workflow_native.go:242.6,242.64 1 0
github.com/davidl71/exarp-go/internal/tools/task_workflow_native.go:245.5,246.56 2 0
github.com/davidl71/exarp-go/internal/tools/task_workflow_native.go:246.56,248.6 1 0
github.com/davidl71/exarp-go/internal/tools/task_workflow_native.go:250.5,250.19 1 0
github.com/davidl71/exarp-go/internal/tools/task_workflow_native.go:250.19,252.6 1 0
github.com/davidl71/exarp-go/internal/tools/task_workflow_native.go:254.5,255.10 2 0
github.com/davidl71/exarp-go/internal/tools/task_workflow_native.go:261.2,261.59 1 0
github.com/davidl71/exarp-go/internal/tools/task_workflow_native.go:261.59,263.3 1 0
github.com/davidl71/exarp-go/internal/tools/task_workflow_native.go:265.2,276.8 3 0
github.com/davidl71/exarp-go/internal/tools/task_workflow_native.go:280.74,282.24 2 0
github.com/davidl71/exarp-go/internal/tools/task_workflow_native.go:282.24,284.3 1 0
github.com/davidl71/exarp-go/internal/tools/task_workflow_native.go:286.2,300.34 5 0
github.com/davidl71/exarp-go/internal/tools/todo2_utils.go:29.62,33.16 3 4
github.com/davidl71/exarp-go/internal/tools/todo2_utils.go:33.16,34.25 1 0
github.com/davidl71/exarp-go/internal/tools/todo2_utils.go:34.25,36.4 1 0
github.com/davidl71/exarp-go/internal/tools/todo2_utils.go:37.3,37.63 1 0
github.com/davidl71/exarp-go/internal/tools/todo2_utils.go:40.2,41.53 2 4
github.com/davidl71/exarp-go/internal/tools/todo2_utils.go:41.53,43.3 1 0
github.com/davidl71/exarp-go/internal/tools/todo2_utils.go:45.2,45.25 1 4
github.com/davidl71/exarp-go/internal/tools/todo2_utils.go:49.66,54.47 3 0
github.com/davidl71/exarp-go/internal/tools/todo2_utils.go:54.47,56.3 1 0
github.com/davidl71/exarp-go/internal/tools/todo2_utils.go:58.2,60.16 3 0
github.com/davidl71/exarp-go/internal/tools/todo2_utils.go:60.16,62.3 1 0
github.com/davidl71/exarp-go/internal/tools/todo2_utils.go:64.2,64.60 1 0
github.com/davidl71/exarp-go/internal/tools/todo2_utils.go:64.60,66.3 1 0
github.com/davidl71/exarp-go/internal/tools/todo2_utils.go:68.2,68.12 1 0
github.com/davidl71/exarp-go/internal/tools/todo2_utils.go:72.40,74.16 2 0
github.com/davidl71/exarp-go/internal/tools/todo2_utils.go:74.16,76.3 1 0
github.com/davidl71/exarp-go/internal/tools/todo2_utils.go:78.2,78.6 1 0
github.com/davidl71/exarp-go/internal/tools/todo2_utils.go:78.6,80.47 2 0
github.com/davidl71/exarp-go/internal/tools/todo2_utils.go:80.47,82.4 1 0
github.com/davidl71/exarp-go/internal/tools/todo2_utils.go:84.3,85.20 2 0
github.com/davidl71/exarp-go/internal/tools/todo2_utils.go:85.20,87.9 1 0
github.com/davidl71/exarp-go/internal/tools/todo2_utils.go:89.3,89.15 1 0
github.com/davidl71/exarp-go/internal/tools/todo2_utils.go:92.2,92.71 1 0
github.com/davidl71/exarp-go/internal/tools/todo2_utils.go:96.42,99.2 2 0
github.com/davidl71/exarp-go/internal/tools/todo2_utils.go:102.44,105.2 2 0
github.com/davidl71/exarp-go/internal/tools/todo2_utils.go:108.44,109.18 1 384
github.com/davidl71/exarp-go/internal/tools/todo2_utils.go:109.18,111.3 1 0
github.com/davidl71/exarp-go/internal/tools/todo2_utils.go:113.2,113.16 1 384
github.com/davidl71/exarp-go/internal/tools/todo2_utils.go:114.33,115.16 1 0
github.com/davidl71/exarp-go/internal/tools/todo2_utils.go:116.47,117.23 1 0
github.com/davidl71/exarp-go/internal/tools/todo2_utils.go:118.26,119.18 1 0
github.com/davidl71/exarp-go/internal/tools/todo2_utils.go:120.35,121.16 1 0
github.com/davidl71/exarp-go/internal/tools/todo2_utils.go:122.28,123.19 1 0
github.com/davidl71/exarp-go/internal/tools/todo2_utils.go:124.44,125.21 1 0
github.com/davidl71/exarp-go/internal/tools/todo2_utils.go:126.10,127.16 1 384
github.com/davidl71/exarp-go/internal/tools/tool_catalog.go:33.51,267.2 1 4
github.com/davidl71/exarp-go/internal/tools/tool_catalog.go:270.115,272.18 2 6
github.com/davidl71/exarp-go/internal/tools/tool_catalog.go:272.18,274.3 1 0
github.com/davidl71/exarp-go/internal/tools/tool_catalog.go:276.2,276.16 1 6
github.com/davidl71/exarp-go/internal/tools/tool_catalog.go:277.14,278.44 1 2
github.com/davidl71/exarp-go/internal/tools/tool_catalog.go:279.14,280.44 1 3
github.com/davidl71/exarp-go/internal/tools/tool_catalog.go:281.10,282.90 1 1
github.com/davidl71/exarp-go/internal/tools/tool_catalog.go:287.113,294.54 5 2
github.com/davidl71/exarp-go/internal/tools/tool_catalog.go:294.54,296.3 1 0
github.com/davidl71/exarp-go/internal/tools/tool_catalog.go:299.2,302.36 3 2
github.com/davidl71/exarp-go/internal/tools/tool_catalog.go:302.36,304.68 1 60
github.com/davidl71/exarp-go/internal/tools/tool_catalog.go:304.68,305.12 1 26
github.com/davidl71/exarp-go/internal/tools/tool_catalog.go:312.3,316.23 3 34
github.com/davidl71/exarp-go/internal/tools/tool_catalog.go:316.23,318.4 1 0
github.com/davidl71/exarp-go/internal/tools/tool_catalog.go:320.3,321.35 2 34
github.com/davidl71/exarp-go/internal/tools/tool_catalog.go:325.2,326.30 2 2
github.com/davidl71/exarp-go/internal/tools/tool_catalog.go:326.30,328.3 1 12
github.com/davidl71/exarp-go/internal/tools/tool_catalog.go:331.2,331.38 1 2
github.com/davidl71/exarp-go/internal/tools/tool_catalog.go:331.38,332.41 1 10
github.com/davidl71/exarp-go/internal/tools/tool_catalog.go:332.41,333.31 1 55
github.com/davidl71/exarp-go/internal/tools/tool_catalog.go:333.31,335.5 1 26
github.com/davidl71/exarp-go/internal/tools/tool_catalog.go:339.2,351.16 3 2
github.com/davidl71/exarp-go/internal/tools/tool_catalog.go:351.16,353.3 1 0
github.com/davidl71/exarp-go/internal/tools/tool_catalog.go:355.2,357.8 1 2
github.com/davidl71/exarp-go/internal/tools/tool_catalog.go:361.113,363.20 2 3
github.com/davidl71/exarp-go/internal/tools/tool_catalog.go:363.20,372.3 3 1
github.com/davidl71/exarp-go/internal/tools/tool_catalog.go:374.2,376.13 3 2
github.com/davidl71/exarp-go/internal/tools/tool_catalog.go:376.13,385.3 3 1
github.com/davidl71/exarp-go/internal/tools/tool_catalog.go:388.2,395.28 2 1
github.com/davidl71/exarp-go/internal/tools/tool_catalog.go:395.28,397.3 1 0
github.com/davidl71/exarp-go/internal/tools/tool_catalog.go:399.2,400.16 2 1
github.com/davidl71/exarp-go/internal/tools/tool_catalog.go:400.16,402.3 1 0
github.com/davidl71/exarp-go/internal/tools/tool_catalog.go:404.2,406.8 1 1
github.com/davidl71/exarp-go/internal/tools/workflow_mode.go:32.48,33.34 1 0
github.com/davidl71/exarp-go/internal/tools/workflow_mode.go:33.34,38.94 2 0
github.com/davidl71/exarp-go/internal/tools/workflow_mode.go:38.94,40.4 1 0
github.com/davidl71/exarp-go/internal/tools/workflow_mode.go:42.3,53.40 2 0
github.com/davidl71/exarp-go/internal/tools/workflow_mode.go:55.2,55.30 1 0
github.com/davidl71/exarp-go/internal/tools/workflow_mode.go:59.49,62.47 2 0
github.com/davidl71/exarp-go/internal/tools/workflow_mode.go:62.47,64.3 1 0
github.com/davidl71/exarp-go/internal/tools/workflow_mode.go:67.2,68.16 2 0
github.com/davidl71/exarp-go/internal/tools/workflow_mode.go:68.16,69.25 1 0
github.com/davidl71/exarp-go/internal/tools/workflow_mode.go:69.25,72.4 1 0
github.com/davidl71/exarp-go/internal/tools/workflow_mode.go:73.3,73.58 1 0
github.com/davidl71/exarp-go/internal/tools/workflow_mode.go:76.2,77.53 2 0
github.com/davidl71/exarp-go/internal/tools/workflow_mode.go:77.53,79.3 1 0
github.com/davidl71/exarp-go/internal/tools/workflow_mode.go:81.2,82.12 2 0
github.com/davidl71/exarp-go/internal/tools/workflow_mode.go:86.49,89.47 2 0
github.com/davidl71/exarp-go/internal/tools/workflow_mode.go:89.47,91.3 1 0
github.com/davidl71/exarp-go/internal/tools/workflow_mode.go:93.2,95.16 3 0
github.com/davidl71/exarp-go/internal/tools/workflow_mode.go:95.16,97.3 1 0
github.com/davidl71/exarp-go/internal/tools/workflow_mode.go:99.2,99.62 1 0
github.com/davidl71/exarp-go/internal/tools/workflow_mode.go:99.62,101.3 1 0
github.com/davidl71/exarp-go/internal/tools/workflow_mode.go:103.2,103.12 1 0
github.com/davidl71/exarp-go/internal/tools/workflow_mode.go:107.66,123.2 1 0
github.com/davidl71/exarp-go/internal/tools/workflow_mode.go:126.68,138.40 2 0
github.com/davidl71/exarp-go/internal/tools/workflow_mode.go:138.40,140.3 1 0
github.com/davidl71/exarp-go/internal/tools/workflow_mode.go:142.2,149.21 6 0
github.com/davidl71/exarp-go/internal/tools/workflow_mode.go:153.63,157.43 2 0
github.com/davidl71/exarp-go/internal/tools/workflow_mode.go:157.43,158.34 1 0
github.com/davidl71/exarp-go/internal/tools/workflow_mode.go:158.34,160.9 2 0
github.com/davidl71/exarp-go/internal/tools/workflow_mode.go:165.2,166.40 2 0
github.com/davidl71/exarp-go/internal/tools/workflow_mode.go:166.40,167.34 1 0
github.com/davidl71/exarp-go/internal/tools/workflow_mode.go:167.34,169.9 2 0
github.com/davidl71/exarp-go/internal/tools/workflow_mode.go:172.2,172.12 1 0
github.com/davidl71/exarp-go/internal/tools/workflow_mode.go:172.12,174.3 1 0
github.com/davidl71/exarp-go/internal/tools/workflow_mode.go:176.2,177.12 2 0
github.com/davidl71/exarp-go/internal/tools/workflow_mode.go:181.64,185.48 2 0
github.com/davidl71/exarp-go/internal/tools/workflow_mode.go:185.48,187.3 1 0
github.com/davidl71/exarp-go/internal/tools/workflow_mode.go:190.2,190.40 1 0
github.com/davidl71/exarp-go/internal/tools/workflow_mode.go:190.40,191.34 1 0
github.com/davidl71/exarp-go/internal/tools/workflow_mode.go:191.34,193.9 2 0
github.com/davidl71/exarp-go/internal/tools/workflow_mode.go:198.2,199.43 2 0
github.com/davidl71/exarp-go/internal/tools/workflow_mode.go:199.43,200.34 1 0
github.com/davidl71/exarp-go/internal/tools/workflow_mode.go:200.34,202.9 2 0
github.com/davidl71/exarp-go/internal/tools/workflow_mode.go:205.2,205.12 1 0
github.com/davidl71/exarp-go/internal/tools/workflow_mode.go:205.12,207.3 1 0
github.com/davidl71/exarp-go/internal/tools/workflow_mode.go:209.2,210.12 2 0
github.com/davidl71/exarp-go/internal/tools/workflow_mode.go:214.79,215.16 1 0
github.com/davidl71/exarp-go/internal/tools/workflow_mode.go:215.16,222.3 1 0
github.com/davidl71/exarp-go/internal/tools/workflow_mode.go:224.2,239.38 5 0
github.com/davidl71/exarp-go/internal/tools/workflow_mode.go:239.38,240.24 1 0
github.com/davidl71/exarp-go/internal/tools/workflow_mode.go:240.24,243.4 2 0
github.com/davidl71/exarp-go/internal/tools/workflow_mode.go:246.2,246.20 1 0
github.com/davidl71/exarp-go/internal/tools/workflow_mode.go:246.20,253.3 1 0
github.com/davidl71/exarp-go/internal/tools/workflow_mode.go:255.2,256.22 2 0
github.com/davidl71/exarp-go/internal/tools/workflow_mode.go:256.22,258.3 1 0
github.com/davidl71/exarp-go/internal/tools/workflow_mode.go:260.2,266.3 1 0
github.com/davidl71/exarp-go/internal/tools/workflow_mode.go:270.116,272.18 2 0
github.com/davidl71/exarp-go/internal/tools/workflow_mode.go:272.18,274.3 1 0
github.com/davidl71/exarp-go/internal/tools/workflow_mode.go:276.2,278.16 2 0
github.com/davidl71/exarp-go/internal/tools/workflow_mode.go:279.15,280.55 1 0
github.com/davidl71/exarp-go/internal/tools/workflow_mode.go:281.17,282.57 1 0
github.com/davidl71/exarp-go/internal/tools/workflow_mode.go:283.15,284.47 1 0
github.com/davidl71/exarp-go/internal/tools/workflow_mode.go:285.10,293.9 3 0
github.com/davidl71/exarp-go/internal/tools/workflow_mode.go:298.145,305.75 5 0
github.com/davidl71/exarp-go/internal/tools/workflow_mode.go:305.75,307.17 2 0
github.com/davidl71/exarp-go/internal/tools/workflow_mode.go:307.17,309.4 1 0
github.com/davidl71/exarp-go/internal/tools/workflow_mode.go:310.3,312.9 1 0
github.com/davidl71/exarp-go/internal/tools/workflow_mode.go:315.2,317.16 2 0
github.com/davidl71/exarp-go/internal/tools/workflow_mode.go:317.16,319.17 2 0
github.com/davidl71/exarp-go/internal/tools/workflow_mode.go:319.17,328.4 3 0
github.com/davidl71/exarp-go/internal/tools/workflow_mode.go:329.3,336.28 3 0
github.com/davidl71/exarp-go/internal/tools/workflow_mode.go:336.28,338.4 1 0
github.com/davidl71/exarp-go/internal/tools/workflow_mode.go:339.8,339.30 1 0
github.com/davidl71/exarp-go/internal/tools/workflow_mode.go:339.30,340.58 1 0
github.com/davidl71/exarp-go/internal/tools/workflow_mode.go:340.58,349.4 3 0
github.com/davidl71/exarp-go/internal/tools/workflow_mode.go:350.3,356.28 3 0
github.com/davidl71/exarp-go/internal/tools/workflow_mode.go:356.28,358.4 1 0
github.com/davidl71/exarp-go/internal/tools/workflow_mode.go:359.8,359.31 1 0
github.com/davidl71/exarp-go/internal/tools/workflow_mode.go:359.31,360.60 1 0
github.com/davidl71/exarp-go/internal/tools/workflow_mode.go:360.60,369.4 3 0
github.com/davidl71/exarp-go/internal/tools/workflow_mode.go:370.3,376.28 3 0
github.com/davidl71/exarp-go/internal/tools/workflow_mode.go:376.28,378.4 1 0
github.com/davidl71/exarp-go/internal/tools/workflow_mode.go:381.2,382.16 2 0
github.com/davidl71/exarp-go/internal/tools/workflow_mode.go:382.16,384.3 1 0
github.com/davidl71/exarp-go/internal/tools/workflow_mode.go:386.2,388.8 1 0
github.com/davidl71/exarp-go/internal/tools/workflow_mode.go:392.147,399.55 4 0
github.com/davidl71/exarp-go/internal/tools/workflow_mode.go:399.55,400.72 1 0
github.com/davidl71/exarp-go/internal/tools/workflow_mode.go:400.72,401.61 1 0
github.com/davidl71/exarp-go/internal/tools/workflow_mode.go:401.61,403.19 2 0
github.com/davidl71/exarp-go/internal/tools/workflow_mode.go:403.19,405.6 1 0
github.com/davidl71/exarp-go/internal/tools/workflow_mode.go:405.11,408.6 2 0
github.com/davidl71/exarp-go/internal/tools/workflow_mode.go:410.9,412.4 1 0
github.com/davidl71/exarp-go/internal/tools/workflow_mode.go:413.8,415.3 1 0
github.com/davidl71/exarp-go/internal/tools/workflow_mode.go:417.2,418.16 2 0
github.com/davidl71/exarp-go/internal/tools/workflow_mode.go:418.16,420.3 1 0
github.com/davidl71/exarp-go/internal/tools/workflow_mode.go:422.2,424.8 1 0
github.com/davidl71/exarp-go/internal/tools/workflow_mode.go:428.114,440.16 3 0
github.com/davidl71/exarp-go/internal/tools/workflow_mode.go:440.16,442.3 1 0
github.com/davidl71/exarp-go/internal/tools/workflow_mode.go:444.2,446.8 1 0
