mode: atomic
github.com/davidl71/exarp-go/internal/bridge/python.go:18.32,23.76 2 0
github.com/davidl71/exarp-go/internal/bridge/python.go:23.76,27.17 2 0
github.com/davidl71/exarp-go/internal/bridge/python.go:27.17,30.39 2 0
github.com/davidl71/exarp-go/internal/bridge/python.go:30.39,32.5 1 0
github.com/davidl71/exarp-go/internal/bridge/python.go:34.4,34.18 1 0
github.com/davidl71/exarp-go/internal/bridge/python.go:39.3,40.9 2 0
github.com/davidl71/exarp-go/internal/bridge/python.go:40.9,43.4 1 0
github.com/davidl71/exarp-go/internal/bridge/python.go:47.2,47.63 1 0
github.com/davidl71/exarp-go/internal/bridge/python.go:47.63,49.3 1 0
github.com/davidl71/exarp-go/internal/bridge/python.go:52.2,52.12 1 0
github.com/davidl71/exarp-go/internal/bridge/python.go:56.107,62.16 3 0
github.com/davidl71/exarp-go/internal/bridge/python.go:62.16,64.3 1 0
github.com/davidl71/exarp-go/internal/bridge/python.go:65.2,72.16 4 0
github.com/davidl71/exarp-go/internal/bridge/python.go:72.16,74.3 1 0
github.com/davidl71/exarp-go/internal/bridge/python.go:77.2,78.16 2 0
github.com/davidl71/exarp-go/internal/bridge/python.go:78.16,80.3 1 0
github.com/davidl71/exarp-go/internal/bridge/python.go:83.2,91.16 5 0
github.com/davidl71/exarp-go/internal/bridge/python.go:91.16,93.3 1 0
github.com/davidl71/exarp-go/internal/bridge/python.go:95.2,95.28 1 0
github.com/davidl71/exarp-go/internal/bridge/python.go:99.85,105.16 3 0
github.com/davidl71/exarp-go/internal/bridge/python.go:105.16,107.3 1 0
github.com/davidl71/exarp-go/internal/bridge/python.go:108.2,115.16 4 0
github.com/davidl71/exarp-go/internal/bridge/python.go:115.16,117.3 1 0
github.com/davidl71/exarp-go/internal/bridge/python.go:120.2,128.16 5 0
github.com/davidl71/exarp-go/internal/bridge/python.go:128.16,130.3 1 0
github.com/davidl71/exarp-go/internal/bridge/python.go:133.2,133.40 1 0
github.com/davidl71/exarp-go/internal/config/config.go:24.30,32.68 2 3
github.com/davidl71/exarp-go/internal/config/config.go:32.68,34.3 1 2
github.com/davidl71/exarp-go/internal/config/config.go:35.2,35.54 1 3
github.com/davidl71/exarp-go/internal/config/config.go:35.54,37.3 1 1
github.com/davidl71/exarp-go/internal/config/config.go:38.2,38.56 1 3
github.com/davidl71/exarp-go/internal/config/config.go:38.56,40.3 1 1
github.com/davidl71/exarp-go/internal/config/config.go:43.2,43.37 1 3
github.com/davidl71/exarp-go/internal/config/config.go:43.37,45.3 1 1
github.com/davidl71/exarp-go/internal/config/config.go:47.2,47.17 1 2
github.com/davidl71/exarp-go/internal/factory/server.go:12.103,13.23 1 5
github.com/davidl71/exarp-go/internal/factory/server.go:14.29,15.51 1 3
github.com/davidl71/exarp-go/internal/factory/server.go:16.10,17.65 1 2
github.com/davidl71/exarp-go/internal/factory/server.go:22.75,24.2 1 2
github.com/davidl71/exarp-go/internal/framework/factory.go:7.36,11.2 1 0
github.com/davidl71/exarp-go/internal/platform/detection.go:22.71,28.30 2 1
github.com/davidl71/exarp-go/internal/platform/detection.go:28.30,31.3 2 0
github.com/davidl71/exarp-go/internal/platform/detection.go:34.2,34.31 1 1
github.com/davidl71/exarp-go/internal/platform/detection.go:34.31,37.3 2 0
github.com/davidl71/exarp-go/internal/platform/detection.go:40.2,41.16 2 1
github.com/davidl71/exarp-go/internal/platform/detection.go:41.16,44.3 2 0
github.com/davidl71/exarp-go/internal/platform/detection.go:45.2,48.34 2 1
github.com/davidl71/exarp-go/internal/platform/detection.go:48.34,51.3 2 0
github.com/davidl71/exarp-go/internal/platform/detection.go:56.2,61.15 4 1
github.com/davidl71/exarp-go/internal/platform/detection.go:65.40,70.34 4 1
github.com/davidl71/exarp-go/internal/platform/detection.go:70.34,72.3 1 0
github.com/davidl71/exarp-go/internal/platform/detection.go:73.2,73.45 1 1
github.com/davidl71/exarp-go/internal/platform/detection.go:77.44,80.20 2 8
github.com/davidl71/exarp-go/internal/platform/detection.go:80.20,82.3 1 0
github.com/davidl71/exarp-go/internal/platform/detection.go:85.2,86.16 2 8
github.com/davidl71/exarp-go/internal/platform/detection.go:86.16,88.3 1 2
github.com/davidl71/exarp-go/internal/platform/detection.go:90.2,90.20 1 6
github.com/davidl71/exarp-go/internal/prompts/registry.go:11.59,39.28 2 5
github.com/davidl71/exarp-go/internal/prompts/registry.go:39.28,44.17 1 69
github.com/davidl71/exarp-go/internal/prompts/registry.go:44.17,46.4 1 1
github.com/davidl71/exarp-go/internal/prompts/registry.go:49.2,49.12 1 4
github.com/davidl71/exarp-go/internal/prompts/registry.go:53.69,54.80 1 69
github.com/davidl71/exarp-go/internal/prompts/registry.go:54.80,57.17 2 19
github.com/davidl71/exarp-go/internal/prompts/registry.go:57.17,59.4 1 0
github.com/davidl71/exarp-go/internal/prompts/registry.go:62.3,62.20 1 19
github.com/davidl71/exarp-go/internal/prompts/registry.go:62.20,64.4 1 1
github.com/davidl71/exarp-go/internal/prompts/registry.go:66.3,66.25 1 19
github.com/davidl71/exarp-go/internal/prompts/templates.go:258.53,260.9 2 42
github.com/davidl71/exarp-go/internal/prompts/templates.go:260.9,262.3 1 2
github.com/davidl71/exarp-go/internal/prompts/templates.go:263.2,263.22 1 40
github.com/davidl71/exarp-go/internal/prompts/templates.go:267.78,268.20 1 19
github.com/davidl71/exarp-go/internal/prompts/templates.go:268.20,270.3 1 2
github.com/davidl71/exarp-go/internal/prompts/templates.go:272.2,273.31 2 17
github.com/davidl71/exarp-go/internal/prompts/templates.go:273.31,277.28 3 22
github.com/davidl71/exarp-go/internal/prompts/templates.go:278.15,279.16 1 17
github.com/davidl71/exarp-go/internal/prompts/templates.go:280.28,281.35 1 4
github.com/davidl71/exarp-go/internal/prompts/templates.go:282.13,283.35 1 1
github.com/davidl71/exarp-go/internal/prompts/templates.go:284.11,285.35 1 0
github.com/davidl71/exarp-go/internal/prompts/templates.go:287.3,287.61 1 22
github.com/davidl71/exarp-go/internal/prompts/templates.go:289.2,289.15 1 17
github.com/davidl71/exarp-go/internal/resources/handlers.go:12.61,22.16 1 3
github.com/davidl71/exarp-go/internal/resources/handlers.go:22.16,24.3 1 0
github.com/davidl71/exarp-go/internal/resources/handlers.go:27.2,33.16 1 3
github.com/davidl71/exarp-go/internal/resources/handlers.go:33.16,35.3 1 0
github.com/davidl71/exarp-go/internal/resources/handlers.go:38.2,44.16 1 3
github.com/davidl71/exarp-go/internal/resources/handlers.go:44.16,46.3 1 0
github.com/davidl71/exarp-go/internal/resources/handlers.go:49.2,55.16 1 3
github.com/davidl71/exarp-go/internal/resources/handlers.go:55.16,57.3 1 0
github.com/davidl71/exarp-go/internal/resources/handlers.go:60.2,66.16 1 3
github.com/davidl71/exarp-go/internal/resources/handlers.go:66.16,68.3 1 0
github.com/davidl71/exarp-go/internal/resources/handlers.go:71.2,77.16 1 3
github.com/davidl71/exarp-go/internal/resources/handlers.go:77.16,79.3 1 0
github.com/davidl71/exarp-go/internal/resources/handlers.go:82.2,88.16 1 3
github.com/davidl71/exarp-go/internal/resources/handlers.go:88.16,90.3 1 0
github.com/davidl71/exarp-go/internal/resources/handlers.go:93.2,99.16 1 3
github.com/davidl71/exarp-go/internal/resources/handlers.go:99.16,101.3 1 0
github.com/davidl71/exarp-go/internal/resources/handlers.go:104.2,110.16 1 3
github.com/davidl71/exarp-go/internal/resources/handlers.go:110.16,112.3 1 0
github.com/davidl71/exarp-go/internal/resources/handlers.go:115.2,121.16 1 3
github.com/davidl71/exarp-go/internal/resources/handlers.go:121.16,123.3 1 0
github.com/davidl71/exarp-go/internal/resources/handlers.go:126.2,132.16 1 3
github.com/davidl71/exarp-go/internal/resources/handlers.go:132.16,134.3 1 0
github.com/davidl71/exarp-go/internal/resources/handlers.go:136.2,136.12 1 3
github.com/davidl71/exarp-go/internal/resources/handlers.go:141.79,143.2 1 0
github.com/davidl71/exarp-go/internal/resources/handlers.go:145.78,147.2 1 0
github.com/davidl71/exarp-go/internal/resources/handlers.go:149.88,151.2 1 0
github.com/davidl71/exarp-go/internal/resources/handlers.go:153.84,155.2 1 0
github.com/davidl71/exarp-go/internal/resources/handlers.go:157.84,159.2 1 0
github.com/davidl71/exarp-go/internal/resources/handlers.go:161.85,163.2 1 0
github.com/davidl71/exarp-go/internal/resources/handlers.go:165.80,167.2 1 0
github.com/davidl71/exarp-go/internal/resources/handlers.go:169.83,171.2 1 0
github.com/davidl71/exarp-go/internal/resources/handlers.go:173.86,175.2 1 0
github.com/davidl71/exarp-go/internal/resources/handlers.go:177.87,179.2 1 0
github.com/davidl71/exarp-go/internal/resources/handlers.go:181.81,183.2 1 0
github.com/davidl71/exarp-go/cmd/sanity-check/main.go:32.131,35.2 2 0
github.com/davidl71/exarp-go/cmd/sanity-check/main.go:37.106,40.2 2 0
github.com/davidl71/exarp-go/cmd/sanity-check/main.go:42.125,45.2 2 0
github.com/davidl71/exarp-go/cmd/sanity-check/main.go:47.13,50.16 2 0
github.com/davidl71/exarp-go/cmd/sanity-check/main.go:50.16,53.3 2 0
github.com/davidl71/exarp-go/cmd/sanity-check/main.go:56.2,57.16 2 0
github.com/davidl71/exarp-go/cmd/sanity-check/main.go:57.16,60.3 2 0
github.com/davidl71/exarp-go/cmd/sanity-check/main.go:63.2,68.55 2 0
github.com/davidl71/exarp-go/cmd/sanity-check/main.go:68.55,71.3 2 0
github.com/davidl71/exarp-go/cmd/sanity-check/main.go:73.2,73.59 1 0
github.com/davidl71/exarp-go/cmd/sanity-check/main.go:73.59,76.3 2 0
github.com/davidl71/exarp-go/cmd/sanity-check/main.go:78.2,78.63 1 0
github.com/davidl71/exarp-go/cmd/sanity-check/main.go:78.63,81.3 2 0
github.com/davidl71/exarp-go/cmd/sanity-check/main.go:84.2,90.15 5 0
github.com/davidl71/exarp-go/cmd/sanity-check/main.go:90.15,92.3 1 0
github.com/davidl71/exarp-go/cmd/sanity-check/main.go:92.8,94.3 1 0
github.com/davidl71/exarp-go/cmd/sanity-check/main.go:97.2,99.17 3 0
github.com/davidl71/exarp-go/cmd/sanity-check/main.go:99.17,101.3 1 0
github.com/davidl71/exarp-go/cmd/sanity-check/main.go:101.8,103.3 1 0
github.com/davidl71/exarp-go/cmd/sanity-check/main.go:106.2,108.19 3 0
github.com/davidl71/exarp-go/cmd/sanity-check/main.go:108.19,110.3 1 0
github.com/davidl71/exarp-go/cmd/sanity-check/main.go:110.8,112.3 1 0
github.com/davidl71/exarp-go/cmd/sanity-check/main.go:115.2,116.47 2 0
github.com/davidl71/exarp-go/cmd/sanity-check/main.go:116.47,121.3 4 0
github.com/davidl71/exarp-go/cmd/sanity-check/main.go:121.8,124.17 3 0
github.com/davidl71/exarp-go/cmd/sanity-check/main.go:124.17,127.4 1 0
github.com/davidl71/exarp-go/cmd/sanity-check/main.go:128.3,128.19 1 0
github.com/davidl71/exarp-go/cmd/sanity-check/main.go:128.19,131.4 1 0
github.com/davidl71/exarp-go/cmd/sanity-check/main.go:132.3,132.21 1 0
github.com/davidl71/exarp-go/cmd/sanity-check/main.go:132.21,135.4 1 0
github.com/davidl71/exarp-go/cmd/sanity-check/main.go:136.3,136.13 1 0
github.com/davidl71/exarp-go/cmd/scorecard/main.go:12.13,15.16 3 0
github.com/davidl71/exarp-go/cmd/scorecard/main.go:15.16,18.3 2 0
github.com/davidl71/exarp-go/cmd/scorecard/main.go:19.2,22.16 3 0
github.com/davidl71/exarp-go/cmd/scorecard/main.go:22.16,25.3 2 0
github.com/davidl71/exarp-go/cmd/scorecard/main.go:27.2,28.19 2 0
github.com/davidl71/exarp-go/cmd/test-context/main.go:14.13,17.16 2 0
github.com/davidl71/exarp-go/cmd/test-context/main.go:17.16,20.3 2 0
github.com/davidl71/exarp-go/cmd/test-context/main.go:23.2,24.16 2 0
github.com/davidl71/exarp-go/cmd/test-context/main.go:24.16,27.3 2 0
github.com/davidl71/exarp-go/cmd/test-context/main.go:30.2,30.55 1 0
github.com/davidl71/exarp-go/cmd/test-context/main.go:30.55,33.3 2 0
github.com/davidl71/exarp-go/cmd/test-context/main.go:36.2,65.17 10 0
github.com/davidl71/exarp-go/cmd/test-context/main.go:65.17,67.3 1 0
github.com/davidl71/exarp-go/cmd/test-context/main.go:67.8,69.35 2 0
github.com/davidl71/exarp-go/cmd/test-context/main.go:69.35,71.60 2 0
github.com/davidl71/exarp-go/cmd/test-context/main.go:71.60,72.52 1 0
github.com/davidl71/exarp-go/cmd/test-context/main.go:72.52,74.6 1 0
github.com/davidl71/exarp-go/cmd/test-context/main.go:80.2,94.17 7 0
github.com/davidl71/exarp-go/cmd/test-context/main.go:94.17,96.3 1 0
github.com/davidl71/exarp-go/cmd/test-context/main.go:96.8,98.35 2 0
github.com/davidl71/exarp-go/cmd/test-context/main.go:98.35,100.60 2 0
github.com/davidl71/exarp-go/cmd/test-context/main.go:100.60,101.58 1 0
github.com/davidl71/exarp-go/cmd/test-context/main.go:101.58,103.6 1 0
github.com/davidl71/exarp-go/cmd/test-context/main.go:104.5,104.56 1 0
github.com/davidl71/exarp-go/cmd/test-context/main.go:104.56,106.6 1 0
github.com/davidl71/exarp-go/cmd/test-context/main.go:112.2,119.17 5 0
github.com/davidl71/exarp-go/cmd/test-context/main.go:119.17,121.3 1 0
github.com/davidl71/exarp-go/cmd/test-context/main.go:121.8,123.35 2 0
github.com/davidl71/exarp-go/cmd/test-context/main.go:123.35,125.60 2 0
github.com/davidl71/exarp-go/cmd/test-context/main.go:125.60,126.58 1 0
github.com/davidl71/exarp-go/cmd/test-context/main.go:126.58,128.6 1 0
github.com/davidl71/exarp-go/cmd/test-context/main.go:133.2,133.89 1 0
github.com/davidl71/exarp-go/cmd/test-estimation/main.go:14.13,17.16 2 0
github.com/davidl71/exarp-go/cmd/test-estimation/main.go:17.16,20.3 2 0
github.com/davidl71/exarp-go/cmd/test-estimation/main.go:23.2,24.16 2 0
github.com/davidl71/exarp-go/cmd/test-estimation/main.go:24.16,27.3 2 0
github.com/davidl71/exarp-go/cmd/test-estimation/main.go:30.2,30.55 1 0
github.com/davidl71/exarp-go/cmd/test-estimation/main.go:30.55,33.3 2 0
github.com/davidl71/exarp-go/cmd/test-estimation/main.go:36.2,54.16 7 0
github.com/davidl71/exarp-go/cmd/test-estimation/main.go:54.16,57.3 2 0
github.com/davidl71/exarp-go/cmd/test-estimation/main.go:59.2,60.33 2 0
github.com/davidl71/exarp-go/cmd/test-estimation/main.go:60.33,61.22 1 0
github.com/davidl71/exarp-go/cmd/test-estimation/main.go:61.22,63.4 1 0
github.com/davidl71/exarp-go/cmd/test-estimation/main.go:64.3,64.28 1 0
github.com/davidl71/exarp-go/cmd/test-estimation/main.go:68.2,69.21 2 0
github.com/davidl71/exarp-go/cmd/test-estimation/main.go:69.21,70.77 1 0
github.com/davidl71/exarp-go/cmd/test-estimation/main.go:70.77,72.55 2 0
github.com/davidl71/exarp-go/cmd/test-estimation/main.go:72.55,74.5 1 0
github.com/davidl71/exarp-go/cmd/test-estimation/main.go:75.4,75.63 1 0
github.com/davidl71/exarp-go/cmd/test-estimation/main.go:75.63,77.5 1 0
github.com/davidl71/exarp-go/cmd/test-estimation/main.go:78.4,78.64 1 0
github.com/davidl71/exarp-go/cmd/test-estimation/main.go:78.64,80.5 1 0
github.com/davidl71/exarp-go/cmd/test-estimation/main.go:81.4,81.75 1 0
github.com/davidl71/exarp-go/cmd/test-estimation/main.go:81.75,82.66 1 0
github.com/davidl71/exarp-go/cmd/test-estimation/main.go:82.66,84.6 1 0
github.com/davidl71/exarp-go/cmd/test-estimation/main.go:85.5,85.70 1 0
github.com/davidl71/exarp-go/cmd/test-estimation/main.go:85.70,87.6 1 0
github.com/davidl71/exarp-go/cmd/test-report-mlx/main.go:14.13,33.17 10 0
github.com/davidl71/exarp-go/cmd/test-report-mlx/main.go:33.17,35.3 1 0
github.com/davidl71/exarp-go/cmd/test-report-mlx/main.go:35.8,37.35 2 0
github.com/davidl71/exarp-go/cmd/test-report-mlx/main.go:37.35,39.104 1 0
github.com/davidl71/exarp-go/cmd/test-report-mlx/main.go:39.104,41.5 1 0
github.com/davidl71/exarp-go/cmd/test-report-mlx/main.go:43.4,43.31 1 0
github.com/davidl71/exarp-go/cmd/test-report-mlx/main.go:43.31,45.5 1 0
github.com/davidl71/exarp-go/cmd/test-report-mlx/main.go:45.10,47.5 1 0
github.com/davidl71/exarp-go/cmd/test-report-mlx/main.go:52.2,60.17 5 0
github.com/davidl71/exarp-go/cmd/test-report-mlx/main.go:60.17,62.3 1 0
github.com/davidl71/exarp-go/cmd/test-report-mlx/main.go:62.8,64.35 2 0
github.com/davidl71/exarp-go/cmd/test-report-mlx/main.go:64.35,65.104 1 0
github.com/davidl71/exarp-go/cmd/test-report-mlx/main.go:65.104,67.5 1 0
github.com/davidl71/exarp-go/cmd/test-report-mlx/main.go:68.4,68.31 1 0
github.com/davidl71/exarp-go/cmd/test-report-mlx/main.go:68.31,70.5 1 0
github.com/davidl71/exarp-go/cmd/test-report-mlx/main.go:70.10,72.5 1 0
github.com/davidl71/exarp-go/cmd/test-report-mlx/main.go:76.2,76.70 1 0
github.com/davidl71/exarp-go/internal/security/access.go:32.64,40.2 1 6
github.com/davidl71/exarp-go/internal/security/access.go:43.53,49.2 5 2
github.com/davidl71/exarp-go/internal/security/access.go:52.52,58.2 5 2
github.com/davidl71/exarp-go/internal/security/access.go:61.52,65.2 3 1
github.com/davidl71/exarp-go/internal/security/access.go:68.51,72.2 3 2
github.com/davidl71/exarp-go/internal/security/access.go:75.59,80.52 3 8
github.com/davidl71/exarp-go/internal/security/access.go:80.52,81.29 1 4
github.com/davidl71/exarp-go/internal/security/access.go:81.29,86.4 1 2
github.com/davidl71/exarp-go/internal/security/access.go:87.3,87.30 1 2
github.com/davidl71/exarp-go/internal/security/access.go:87.30,89.4 1 2
github.com/davidl71/exarp-go/internal/security/access.go:93.2,93.30 1 4
github.com/davidl71/exarp-go/internal/security/access.go:93.30,98.3 1 0
github.com/davidl71/exarp-go/internal/security/access.go:101.2,101.40 1 4
github.com/davidl71/exarp-go/internal/security/access.go:101.40,102.33 1 1
github.com/davidl71/exarp-go/internal/security/access.go:102.33,107.4 1 1
github.com/davidl71/exarp-go/internal/security/access.go:111.2,111.40 1 3
github.com/davidl71/exarp-go/internal/security/access.go:111.40,116.3 1 0
github.com/davidl71/exarp-go/internal/security/access.go:118.2,118.12 1 3
github.com/davidl71/exarp-go/internal/security/access.go:122.58,127.51 3 5
github.com/davidl71/exarp-go/internal/security/access.go:127.51,128.29 1 3
github.com/davidl71/exarp-go/internal/security/access.go:128.29,133.4 1 2
github.com/davidl71/exarp-go/internal/security/access.go:134.3,134.30 1 1
github.com/davidl71/exarp-go/internal/security/access.go:134.30,136.4 1 1
github.com/davidl71/exarp-go/internal/security/access.go:140.2,140.40 1 2
github.com/davidl71/exarp-go/internal/security/access.go:140.40,145.3 1 0
github.com/davidl71/exarp-go/internal/security/access.go:147.2,147.12 1 2
github.com/davidl71/exarp-go/internal/security/access.go:156.44,158.2 1 1
github.com/davidl71/exarp-go/internal/security/access.go:169.47,170.23 1 6
github.com/davidl71/exarp-go/internal/security/access.go:170.23,172.3 1 1
github.com/davidl71/exarp-go/internal/security/access.go:173.2,173.29 1 6
github.com/davidl71/exarp-go/internal/security/access.go:177.45,179.2 1 2
github.com/davidl71/exarp-go/internal/security/access.go:182.44,184.2 1 2
github.com/davidl71/exarp-go/internal/security/path.go:12.61,13.23 1 10
github.com/davidl71/exarp-go/internal/security/path.go:13.23,15.3 1 0
github.com/davidl71/exarp-go/internal/security/path.go:18.2,20.16 3 10
github.com/davidl71/exarp-go/internal/security/path.go:20.16,22.3 1 0
github.com/davidl71/exarp-go/internal/security/path.go:25.2,26.16 2 10
github.com/davidl71/exarp-go/internal/security/path.go:26.16,28.3 1 0
github.com/davidl71/exarp-go/internal/security/path.go:29.2,29.19 1 10
github.com/davidl71/exarp-go/internal/security/path.go:29.19,31.3 1 0
github.com/davidl71/exarp-go/internal/security/path.go:34.2,38.31 3 10
github.com/davidl71/exarp-go/internal/security/path.go:38.31,40.3 1 2
github.com/davidl71/exarp-go/internal/security/path.go:40.8,44.3 2 8
github.com/davidl71/exarp-go/internal/security/path.go:48.2,49.16 2 10
github.com/davidl71/exarp-go/internal/security/path.go:49.16,51.3 1 0
github.com/davidl71/exarp-go/internal/security/path.go:55.2,55.38 1 10
github.com/davidl71/exarp-go/internal/security/path.go:55.38,57.3 1 4
github.com/davidl71/exarp-go/internal/security/path.go:61.2,62.29 2 6
github.com/davidl71/exarp-go/internal/security/path.go:62.29,63.19 1 6
github.com/davidl71/exarp-go/internal/security/path.go:63.19,65.4 1 0
github.com/davidl71/exarp-go/internal/security/path.go:68.2,68.21 1 6
github.com/davidl71/exarp-go/internal/security/path.go:72.67,74.16 2 3
github.com/davidl71/exarp-go/internal/security/path.go:74.16,76.3 1 1
github.com/davidl71/exarp-go/internal/security/path.go:79.2,79.52 1 2
github.com/davidl71/exarp-go/internal/security/path.go:79.52,81.3 1 1
github.com/davidl71/exarp-go/internal/security/path.go:83.2,83.21 1 1
github.com/davidl71/exarp-go/internal/security/path.go:88.79,90.16 2 0
github.com/davidl71/exarp-go/internal/security/path.go:90.16,92.3 1 0
github.com/davidl71/exarp-go/internal/security/path.go:94.2,96.16 3 0
github.com/davidl71/exarp-go/internal/security/path.go:96.16,98.3 1 0
github.com/davidl71/exarp-go/internal/security/path.go:100.2,100.30 1 0
github.com/davidl71/exarp-go/internal/security/path.go:105.55,107.16 2 1
github.com/davidl71/exarp-go/internal/security/path.go:107.16,109.3 1 0
github.com/davidl71/exarp-go/internal/security/path.go:111.2,112.6 2 1
github.com/davidl71/exarp-go/internal/security/path.go:112.6,115.47 2 3
github.com/davidl71/exarp-go/internal/security/path.go:115.47,117.4 1 1
github.com/davidl71/exarp-go/internal/security/path.go:120.3,121.28 2 2
github.com/davidl71/exarp-go/internal/security/path.go:121.28,124.4 1 0
github.com/davidl71/exarp-go/internal/security/path.go:125.3,125.23 1 2
github.com/davidl71/exarp-go/internal/security/ratelimit.go:23.73,36.2 4 5
github.com/davidl71/exarp-go/internal/security/ratelimit.go:40.52,49.13 6 19
github.com/davidl71/exarp-go/internal/security/ratelimit.go:49.13,51.3 1 7
github.com/davidl71/exarp-go/internal/security/ratelimit.go:54.2,55.35 2 19
github.com/davidl71/exarp-go/internal/security/ratelimit.go:55.35,56.28 1 17
github.com/davidl71/exarp-go/internal/security/ratelimit.go:56.28,58.4 1 16
github.com/davidl71/exarp-go/internal/security/ratelimit.go:62.2,62.42 1 19
github.com/davidl71/exarp-go/internal/security/ratelimit.go:62.42,64.3 1 5
github.com/davidl71/exarp-go/internal/security/ratelimit.go:67.2,70.13 3 14
github.com/davidl71/exarp-go/internal/security/ratelimit.go:74.73,75.6 1 1
github.com/davidl71/exarp-go/internal/security/ratelimit.go:75.6,76.25 1 2
github.com/davidl71/exarp-go/internal/security/ratelimit.go:76.25,78.4 1 1
github.com/davidl71/exarp-go/internal/security/ratelimit.go:81.3,84.24 4 1
github.com/davidl71/exarp-go/internal/security/ratelimit.go:84.24,87.20 3 1
github.com/davidl71/exarp-go/internal/security/ratelimit.go:87.20,89.5 1 0
github.com/davidl71/exarp-go/internal/security/ratelimit.go:91.3,94.10 2 1
github.com/davidl71/exarp-go/internal/security/ratelimit.go:95.21,96.20 1 0
github.com/davidl71/exarp-go/internal/security/ratelimit.go:97.31,97.31 0 1
github.com/davidl71/exarp-go/internal/security/ratelimit.go:104.44,105.6 1 5
github.com/davidl71/exarp-go/internal/security/ratelimit.go:105.6,106.10 1 7
github.com/davidl71/exarp-go/internal/security/ratelimit.go:107.25,108.10 1 5
github.com/davidl71/exarp-go/internal/security/ratelimit.go:109.23,112.48 3 2
github.com/davidl71/exarp-go/internal/security/ratelimit.go:112.48,114.38 2 2
github.com/davidl71/exarp-go/internal/security/ratelimit.go:114.38,115.31 1 4
github.com/davidl71/exarp-go/internal/security/ratelimit.go:115.31,117.7 1 1
github.com/davidl71/exarp-go/internal/security/ratelimit.go:119.5,119.32 1 2
github.com/davidl71/exarp-go/internal/security/ratelimit.go:119.32,121.6 1 1
github.com/davidl71/exarp-go/internal/security/ratelimit.go:121.11,123.6 1 1
github.com/davidl71/exarp-go/internal/security/ratelimit.go:125.4,125.18 1 2
github.com/davidl71/exarp-go/internal/security/ratelimit.go:131.31,134.2 2 5
github.com/davidl71/exarp-go/internal/security/ratelimit.go:137.58,144.35 6 3
github.com/davidl71/exarp-go/internal/security/ratelimit.go:144.35,145.28 1 4
github.com/davidl71/exarp-go/internal/security/ratelimit.go:145.28,147.4 1 4
github.com/davidl71/exarp-go/internal/security/ratelimit.go:149.2,149.31 1 3
github.com/davidl71/exarp-go/internal/security/ratelimit.go:160.43,161.17 1 0
github.com/davidl71/exarp-go/internal/security/ratelimit.go:161.17,163.3 1 0
github.com/davidl71/exarp-go/internal/security/ratelimit.go:164.2,164.27 1 0
github.com/davidl71/exarp-go/internal/security/ratelimit.go:168.41,170.2 1 0
github.com/davidl71/exarp-go/internal/security/ratelimit.go:181.41,184.2 1 0
github.com/davidl71/exarp-go/internal/security/ratelimit.go:187.44,189.25 2 0
github.com/davidl71/exarp-go/internal/security/ratelimit.go:189.25,197.3 2 0
github.com/davidl71/exarp-go/internal/security/ratelimit.go:198.2,198.12 1 0
github.com/davidl71/exarp-go/cmd/test-task-tools/main.go:13.13,31.17 10 0
github.com/davidl71/exarp-go/cmd/test-task-tools/main.go:31.17,33.3 1 0
github.com/davidl71/exarp-go/cmd/test-task-tools/main.go:33.8,35.35 2 0
github.com/davidl71/exarp-go/cmd/test-task-tools/main.go:35.35,37.60 2 0
github.com/davidl71/exarp-go/cmd/test-task-tools/main.go:37.60,38.52 1 0
github.com/davidl71/exarp-go/cmd/test-task-tools/main.go:38.52,40.6 1 0
github.com/davidl71/exarp-go/cmd/test-task-tools/main.go:41.5,41.57 1 0
github.com/davidl71/exarp-go/cmd/test-task-tools/main.go:41.57,43.6 1 0
github.com/davidl71/exarp-go/cmd/test-task-tools/main.go:49.2,56.17 5 0
github.com/davidl71/exarp-go/cmd/test-task-tools/main.go:56.17,58.3 1 0
github.com/davidl71/exarp-go/cmd/test-task-tools/main.go:58.8,60.35 2 0
github.com/davidl71/exarp-go/cmd/test-task-tools/main.go:60.35,62.60 2 0
github.com/davidl71/exarp-go/cmd/test-task-tools/main.go:62.60,63.52 1 0
github.com/davidl71/exarp-go/cmd/test-task-tools/main.go:63.52,65.6 1 0
github.com/davidl71/exarp-go/cmd/test-task-tools/main.go:66.5,66.70 1 0
github.com/davidl71/exarp-go/cmd/test-task-tools/main.go:66.70,67.53 1 0
github.com/davidl71/exarp-go/cmd/test-task-tools/main.go:67.53,69.7 1 0
github.com/davidl71/exarp-go/cmd/test-task-tools/main.go:76.2,83.17 5 0
github.com/davidl71/exarp-go/cmd/test-task-tools/main.go:83.17,85.3 1 0
github.com/davidl71/exarp-go/cmd/test-task-tools/main.go:85.8,87.35 2 0
github.com/davidl71/exarp-go/cmd/test-task-tools/main.go:87.35,89.60 2 0
github.com/davidl71/exarp-go/cmd/test-task-tools/main.go:89.60,90.52 1 0
github.com/davidl71/exarp-go/cmd/test-task-tools/main.go:90.52,92.6 1 0
github.com/davidl71/exarp-go/cmd/test-task-tools/main.go:93.5,93.74 1 0
github.com/davidl71/exarp-go/cmd/test-task-tools/main.go:93.74,95.6 1 0
github.com/davidl71/exarp-go/cmd/test-task-tools/main.go:100.2,100.91 1 0
github.com/davidl71/exarp-go/internal/cli/cli.go:21.18,35.16 4 0
github.com/davidl71/exarp-go/internal/cli/cli.go:35.16,37.3 1 0
github.com/davidl71/exarp-go/internal/cli/cli.go:40.2,41.16 2 0
github.com/davidl71/exarp-go/internal/cli/cli.go:41.16,43.3 1 0
github.com/davidl71/exarp-go/internal/cli/cli.go:46.2,46.55 1 0
github.com/davidl71/exarp-go/internal/cli/cli.go:46.55,48.3 1 0
github.com/davidl71/exarp-go/internal/cli/cli.go:50.2,50.59 1 0
github.com/davidl71/exarp-go/internal/cli/cli.go:50.59,52.3 1 0
github.com/davidl71/exarp-go/internal/cli/cli.go:54.2,54.63 1 0
github.com/davidl71/exarp-go/internal/cli/cli.go:54.63,56.3 1 0
github.com/davidl71/exarp-go/internal/cli/cli.go:59.2,59.9 1 0
github.com/davidl71/exarp-go/internal/cli/cli.go:60.25,61.49 1 0
github.com/davidl71/exarp-go/internal/cli/cli.go:62.18,63.30 1 0
github.com/davidl71/exarp-go/internal/cli/cli.go:64.23,65.46 1 0
github.com/davidl71/exarp-go/internal/cli/cli.go:66.23,67.51 1 0
github.com/davidl71/exarp-go/internal/cli/cli.go:68.20,69.32 1 0
github.com/davidl71/exarp-go/internal/cli/cli.go:70.10,72.13 2 0
github.com/davidl71/exarp-go/internal/cli/cli.go:77.19,79.2 1 0
github.com/davidl71/exarp-go/internal/cli/cli.go:82.53,84.21 2 0
github.com/davidl71/exarp-go/internal/cli/cli.go:84.21,87.3 2 0
github.com/davidl71/exarp-go/internal/cli/cli.go:89.2,90.29 2 0
github.com/davidl71/exarp-go/internal/cli/cli.go:90.29,92.29 2 0
github.com/davidl71/exarp-go/internal/cli/cli.go:92.29,95.22 2 0
github.com/davidl71/exarp-go/internal/cli/cli.go:95.22,97.5 1 0
github.com/davidl71/exarp-go/internal/cli/cli.go:98.4,98.32 1 0
github.com/davidl71/exarp-go/internal/cli/cli.go:100.3,100.16 1 0
github.com/davidl71/exarp-go/internal/cli/cli.go:102.2,102.12 1 0
github.com/davidl71/exarp-go/internal/cli/cli.go:106.79,111.64 3 0
github.com/davidl71/exarp-go/internal/cli/cli.go:111.64,113.3 1 0
github.com/davidl71/exarp-go/internal/cli/cli.go:116.2,117.16 2 0
github.com/davidl71/exarp-go/internal/cli/cli.go:117.16,119.3 1 0
github.com/davidl71/exarp-go/internal/cli/cli.go:122.2,126.16 4 0
github.com/davidl71/exarp-go/internal/cli/cli.go:126.16,128.3 1 0
github.com/davidl71/exarp-go/internal/cli/cli.go:131.2,131.22 1 0
github.com/davidl71/exarp-go/internal/cli/cli.go:131.22,134.3 2 0
github.com/davidl71/exarp-go/internal/cli/cli.go:136.2,137.33 2 0
github.com/davidl71/exarp-go/internal/cli/cli.go:137.33,138.22 1 0
github.com/davidl71/exarp-go/internal/cli/cli.go:138.22,140.4 1 0
github.com/davidl71/exarp-go/internal/cli/cli.go:141.3,141.28 1 0
github.com/davidl71/exarp-go/internal/cli/cli.go:144.2,144.12 1 0
github.com/davidl71/exarp-go/internal/cli/cli.go:148.75,155.26 5 0
github.com/davidl71/exarp-go/internal/cli/cli.go:155.26,156.25 1 0
github.com/davidl71/exarp-go/internal/cli/cli.go:156.25,158.9 2 0
github.com/davidl71/exarp-go/internal/cli/cli.go:162.2,162.21 1 0
github.com/davidl71/exarp-go/internal/cli/cli.go:162.21,164.3 1 0
github.com/davidl71/exarp-go/internal/cli/cli.go:166.2,167.32 2 0
github.com/davidl71/exarp-go/internal/cli/cli.go:167.32,169.3 1 0
github.com/davidl71/exarp-go/internal/cli/cli.go:172.2,184.16 9 0
github.com/davidl71/exarp-go/internal/cli/cli.go:184.16,187.3 2 0
github.com/davidl71/exarp-go/internal/cli/cli.go:189.2,190.21 2 0
github.com/davidl71/exarp-go/internal/cli/cli.go:190.21,192.34 2 0
github.com/davidl71/exarp-go/internal/cli/cli.go:192.34,195.25 2 0
github.com/davidl71/exarp-go/internal/cli/cli.go:195.25,197.5 1 0
github.com/davidl71/exarp-go/internal/cli/cli.go:198.4,198.32 1 0
github.com/davidl71/exarp-go/internal/cli/cli.go:202.2,202.12 1 0
github.com/davidl71/exarp-go/internal/cli/cli.go:206.78,208.30 2 0
github.com/davidl71/exarp-go/internal/cli/cli.go:208.30,210.3 1 0
github.com/davidl71/exarp-go/internal/cli/cli.go:212.2,212.44 1 0
github.com/davidl71/exarp-go/internal/cli/cli.go:212.44,214.10 2 0
github.com/davidl71/exarp-go/internal/cli/cli.go:214.10,215.12 1 0
github.com/davidl71/exarp-go/internal/cli/cli.go:218.3,219.19 2 0
github.com/davidl71/exarp-go/internal/cli/cli.go:220.17,221.72 1 0
github.com/davidl71/exarp-go/internal/cli/cli.go:221.72,223.5 1 0
github.com/davidl71/exarp-go/internal/cli/cli.go:223.10,225.5 1 0
github.com/davidl71/exarp-go/internal/cli/cli.go:226.18,227.22 1 0
github.com/davidl71/exarp-go/internal/cli/cli.go:228.28,229.18 1 0
github.com/davidl71/exarp-go/internal/cli/cli.go:230.16,231.32 1 0
github.com/davidl71/exarp-go/internal/cli/cli.go:232.17,233.41 1 0
github.com/davidl71/exarp-go/internal/cli/cli.go:234.11,235.20 1 0
github.com/davidl71/exarp-go/internal/cli/cli.go:239.2,239.13 1 0
github.com/davidl71/exarp-go/internal/cli/cli.go:243.55,250.6 5 0
github.com/davidl71/exarp-go/internal/cli/cli.go:250.6,256.18 5 0
github.com/davidl71/exarp-go/internal/cli/cli.go:256.18,257.12 1 0
github.com/davidl71/exarp-go/internal/cli/cli.go:260.3,261.22 2 0
github.com/davidl71/exarp-go/internal/cli/cli.go:261.22,262.12 1 0
github.com/davidl71/exarp-go/internal/cli/cli.go:265.3,266.14 2 0
github.com/davidl71/exarp-go/internal/cli/cli.go:267.23,268.14 1 0
github.com/davidl71/exarp-go/internal/cli/cli.go:269.15,270.14 1 0
github.com/davidl71/exarp-go/internal/cli/cli.go:271.15,272.24 1 0
github.com/davidl71/exarp-go/internal/cli/cli.go:273.11,275.53 2 0
github.com/davidl71/exarp-go/internal/cli/cli.go:281.18,302.2 20 0
github.com/davidl71/exarp-go/internal/cli/cli.go:305.17,311.2 5 0
github.com/davidl71/exarp-go/internal/cli/cli.go:314.73,317.29 3 0
github.com/davidl71/exarp-go/internal/cli/cli.go:317.29,319.3 1 0
github.com/davidl71/exarp-go/internal/cli/cli.go:321.2,321.15 1 0
github.com/davidl71/exarp-go/internal/cli/cli.go:322.14,323.43 1 0
github.com/davidl71/exarp-go/internal/cli/cli.go:324.13,325.42 1 0
github.com/davidl71/exarp-go/internal/cli/cli.go:326.14,327.43 1 0
github.com/davidl71/exarp-go/internal/cli/cli.go:328.10,329.81 1 0
github.com/davidl71/exarp-go/internal/cli/cli.go:334.55,365.2 30 0
github.com/davidl71/exarp-go/internal/cli/cli.go:368.54,399.2 30 0
github.com/davidl71/exarp-go/internal/cli/cli.go:402.55,412.2 9 0
github.com/davidl71/exarp-go/internal/framework/adapters/gosdk/adapter.go:20.58,30.2 1 0
github.com/davidl71/exarp-go/internal/framework/adapters/gosdk/adapter.go:33.129,35.16 1 0
github.com/davidl71/exarp-go/internal/framework/adapters/gosdk/adapter.go:35.16,37.3 1 0
github.com/davidl71/exarp-go/internal/framework/adapters/gosdk/adapter.go:38.2,38.23 1 0
github.com/davidl71/exarp-go/internal/framework/adapters/gosdk/adapter.go:38.23,40.3 1 0
github.com/davidl71/exarp-go/internal/framework/adapters/gosdk/adapter.go:41.2,41.20 1 0
github.com/davidl71/exarp-go/internal/framework/adapters/gosdk/adapter.go:41.20,43.3 1 0
github.com/davidl71/exarp-go/internal/framework/adapters/gosdk/adapter.go:44.2,44.23 1 0
github.com/davidl71/exarp-go/internal/framework/adapters/gosdk/adapter.go:44.23,46.3 1 0
github.com/davidl71/exarp-go/internal/framework/adapters/gosdk/adapter.go:47.2,47.29 1 0
github.com/davidl71/exarp-go/internal/framework/adapters/gosdk/adapter.go:47.29,49.3 1 0
github.com/davidl71/exarp-go/internal/framework/adapters/gosdk/adapter.go:53.2,57.30 2 0
github.com/davidl71/exarp-go/internal/framework/adapters/gosdk/adapter.go:57.30,59.3 1 0
github.com/davidl71/exarp-go/internal/framework/adapters/gosdk/adapter.go:62.2,70.98 2 0
github.com/davidl71/exarp-go/internal/framework/adapters/gosdk/adapter.go:70.98,72.23 1 0
github.com/davidl71/exarp-go/internal/framework/adapters/gosdk/adapter.go:72.23,74.4 1 0
github.com/davidl71/exarp-go/internal/framework/adapters/gosdk/adapter.go:77.3,77.17 1 0
github.com/davidl71/exarp-go/internal/framework/adapters/gosdk/adapter.go:77.17,79.4 1 0
github.com/davidl71/exarp-go/internal/framework/adapters/gosdk/adapter.go:80.3,80.24 1 0
github.com/davidl71/exarp-go/internal/framework/adapters/gosdk/adapter.go:80.24,82.4 1 0
github.com/davidl71/exarp-go/internal/framework/adapters/gosdk/adapter.go:85.3,86.17 2 0
github.com/davidl71/exarp-go/internal/framework/adapters/gosdk/adapter.go:86.17,96.4 1 0
github.com/davidl71/exarp-go/internal/framework/adapters/gosdk/adapter.go:99.3,99.20 1 0
github.com/davidl71/exarp-go/internal/framework/adapters/gosdk/adapter.go:99.20,103.4 1 0
github.com/davidl71/exarp-go/internal/framework/adapters/gosdk/adapter.go:106.3,107.34 2 0
github.com/davidl71/exarp-go/internal/framework/adapters/gosdk/adapter.go:107.34,109.26 1 0
github.com/davidl71/exarp-go/internal/framework/adapters/gosdk/adapter.go:109.27,111.5 0 0
github.com/davidl71/exarp-go/internal/framework/adapters/gosdk/adapter.go:112.4,114.5 1 0
github.com/davidl71/exarp-go/internal/framework/adapters/gosdk/adapter.go:117.3,119.9 1 0
github.com/davidl71/exarp-go/internal/framework/adapters/gosdk/adapter.go:123.2,133.12 4 0
github.com/davidl71/exarp-go/internal/framework/adapters/gosdk/adapter.go:137.104,139.16 1 0
github.com/davidl71/exarp-go/internal/framework/adapters/gosdk/adapter.go:139.16,141.3 1 0
github.com/davidl71/exarp-go/internal/framework/adapters/gosdk/adapter.go:142.2,142.23 1 0
github.com/davidl71/exarp-go/internal/framework/adapters/gosdk/adapter.go:142.23,144.3 1 0
github.com/davidl71/exarp-go/internal/framework/adapters/gosdk/adapter.go:145.2,145.20 1 0
github.com/davidl71/exarp-go/internal/framework/adapters/gosdk/adapter.go:145.20,147.3 1 0
github.com/davidl71/exarp-go/internal/framework/adapters/gosdk/adapter.go:150.2,157.102 2 0
github.com/davidl71/exarp-go/internal/framework/adapters/gosdk/adapter.go:157.102,159.23 1 0
github.com/davidl71/exarp-go/internal/framework/adapters/gosdk/adapter.go:159.23,161.4 1 0
github.com/davidl71/exarp-go/internal/framework/adapters/gosdk/adapter.go:164.3,164.17 1 0
github.com/davidl71/exarp-go/internal/framework/adapters/gosdk/adapter.go:164.17,166.4 1 0
github.com/davidl71/exarp-go/internal/framework/adapters/gosdk/adapter.go:167.3,167.24 1 0
github.com/davidl71/exarp-go/internal/framework/adapters/gosdk/adapter.go:167.24,169.4 1 0
github.com/davidl71/exarp-go/internal/framework/adapters/gosdk/adapter.go:172.3,173.42 2 0
github.com/davidl71/exarp-go/internal/framework/adapters/gosdk/adapter.go:173.42,175.4 1 0
github.com/davidl71/exarp-go/internal/framework/adapters/gosdk/adapter.go:178.3,179.17 2 0
github.com/davidl71/exarp-go/internal/framework/adapters/gosdk/adapter.go:179.17,181.4 1 0
github.com/davidl71/exarp-go/internal/framework/adapters/gosdk/adapter.go:183.3,190.9 1 0
github.com/davidl71/exarp-go/internal/framework/adapters/gosdk/adapter.go:194.2,195.12 2 0
github.com/davidl71/exarp-go/internal/framework/adapters/gosdk/adapter.go:199.123,201.15 1 0
github.com/davidl71/exarp-go/internal/framework/adapters/gosdk/adapter.go:201.15,203.3 1 0
github.com/davidl71/exarp-go/internal/framework/adapters/gosdk/adapter.go:204.2,204.16 1 0
github.com/davidl71/exarp-go/internal/framework/adapters/gosdk/adapter.go:204.16,206.3 1 0
github.com/davidl71/exarp-go/internal/framework/adapters/gosdk/adapter.go:207.2,207.23 1 0
github.com/davidl71/exarp-go/internal/framework/adapters/gosdk/adapter.go:207.23,209.3 1 0
github.com/davidl71/exarp-go/internal/framework/adapters/gosdk/adapter.go:210.2,210.20 1 0
github.com/davidl71/exarp-go/internal/framework/adapters/gosdk/adapter.go:210.20,212.3 1 0
github.com/davidl71/exarp-go/internal/framework/adapters/gosdk/adapter.go:215.2,224.110 2 0
github.com/davidl71/exarp-go/internal/framework/adapters/gosdk/adapter.go:224.110,226.23 1 0
github.com/davidl71/exarp-go/internal/framework/adapters/gosdk/adapter.go:226.23,228.4 1 0
github.com/davidl71/exarp-go/internal/framework/adapters/gosdk/adapter.go:231.3,231.17 1 0
github.com/davidl71/exarp-go/internal/framework/adapters/gosdk/adapter.go:231.17,233.4 1 0
github.com/davidl71/exarp-go/internal/framework/adapters/gosdk/adapter.go:234.3,234.24 1 0
github.com/davidl71/exarp-go/internal/framework/adapters/gosdk/adapter.go:234.24,236.4 1 0
github.com/davidl71/exarp-go/internal/framework/adapters/gosdk/adapter.go:237.3,237.27 1 0
github.com/davidl71/exarp-go/internal/framework/adapters/gosdk/adapter.go:237.27,239.4 1 0
github.com/davidl71/exarp-go/internal/framework/adapters/gosdk/adapter.go:242.3,243.17 2 0
github.com/davidl71/exarp-go/internal/framework/adapters/gosdk/adapter.go:243.17,245.4 1 0
github.com/davidl71/exarp-go/internal/framework/adapters/gosdk/adapter.go:248.3,248.18 1 0
github.com/davidl71/exarp-go/internal/framework/adapters/gosdk/adapter.go:248.18,250.4 1 0
github.com/davidl71/exarp-go/internal/framework/adapters/gosdk/adapter.go:252.3,260.9 1 0
github.com/davidl71/exarp-go/internal/framework/adapters/gosdk/adapter.go:264.2,265.12 2 0
github.com/davidl71/exarp-go/internal/framework/adapters/gosdk/adapter.go:269.86,271.22 1 0
github.com/davidl71/exarp-go/internal/framework/adapters/gosdk/adapter.go:271.22,273.3 1 0
github.com/davidl71/exarp-go/internal/framework/adapters/gosdk/adapter.go:276.2,276.21 1 0
github.com/davidl71/exarp-go/internal/framework/adapters/gosdk/adapter.go:276.21,278.3 1 0
github.com/davidl71/exarp-go/internal/framework/adapters/gosdk/adapter.go:283.2,284.58 2 0
github.com/davidl71/exarp-go/internal/framework/adapters/gosdk/adapter.go:284.58,286.3 1 0
github.com/davidl71/exarp-go/internal/framework/adapters/gosdk/adapter.go:287.2,287.12 1 0
github.com/davidl71/exarp-go/internal/framework/adapters/gosdk/adapter.go:291.41,293.2 1 0
github.com/davidl71/exarp-go/internal/framework/adapters/gosdk/adapter.go:296.131,298.13 2 0
github.com/davidl71/exarp-go/internal/framework/adapters/gosdk/adapter.go:298.13,300.3 1 0
github.com/davidl71/exarp-go/internal/framework/adapters/gosdk/adapter.go:301.2,301.27 1 0
github.com/davidl71/exarp-go/internal/framework/adapters/gosdk/adapter.go:305.57,307.34 2 0
github.com/davidl71/exarp-go/internal/framework/adapters/gosdk/adapter.go:307.34,309.3 1 0
github.com/davidl71/exarp-go/internal/framework/adapters/gosdk/adapter.go:310.2,310.14 1 0
github.com/davidl71/exarp-go/cmd/server/main.go:18.13,21.36 2 0
github.com/davidl71/exarp-go/cmd/server/main.go:21.36,29.52 2 0
github.com/davidl71/exarp-go/cmd/server/main.go:29.52,31.9 2 0
github.com/davidl71/exarp-go/cmd/server/main.go:34.3,34.36 1 0
github.com/davidl71/exarp-go/cmd/server/main.go:34.36,35.9 1 0
github.com/davidl71/exarp-go/cmd/server/main.go:40.2,40.32 1 0
github.com/davidl71/exarp-go/cmd/server/main.go:40.32,42.35 1 0
github.com/davidl71/exarp-go/cmd/server/main.go:42.35,44.4 1 0
github.com/davidl71/exarp-go/cmd/server/main.go:45.3,45.9 1 0
github.com/davidl71/exarp-go/cmd/server/main.go:49.2,54.16 3 0
github.com/davidl71/exarp-go/cmd/server/main.go:54.16,56.3 1 0
github.com/davidl71/exarp-go/cmd/server/main.go:59.2,60.16 2 0
github.com/davidl71/exarp-go/cmd/server/main.go:60.16,62.3 1 0
github.com/davidl71/exarp-go/cmd/server/main.go:65.2,65.55 1 0
github.com/davidl71/exarp-go/cmd/server/main.go:65.55,67.3 1 0
github.com/davidl71/exarp-go/cmd/server/main.go:69.2,69.59 1 0
github.com/davidl71/exarp-go/cmd/server/main.go:69.59,71.3 1 0
github.com/davidl71/exarp-go/cmd/server/main.go:73.2,73.63 1 0
github.com/davidl71/exarp-go/cmd/server/main.go:73.63,75.3 1 0
github.com/davidl71/exarp-go/cmd/server/main.go:78.2,80.51 3 0
github.com/davidl71/exarp-go/cmd/server/main.go:80.51,82.3 1 0
github.com/davidl71/exarp-go/tests/fixtures/mock_server.go:44.45,51.2 1 0
github.com/davidl71/exarp-go/tests/fixtures/mock_server.go:54.127,58.16 3 0
github.com/davidl71/exarp-go/tests/fixtures/mock_server.go:58.16,60.3 1 0
github.com/davidl71/exarp-go/tests/fixtures/mock_server.go:61.2,61.20 1 0
github.com/davidl71/exarp-go/tests/fixtures/mock_server.go:61.20,63.3 1 0
github.com/davidl71/exarp-go/tests/fixtures/mock_server.go:65.2,65.40 1 0
github.com/davidl71/exarp-go/tests/fixtures/mock_server.go:65.40,67.3 1 0
github.com/davidl71/exarp-go/tests/fixtures/mock_server.go:69.2,76.12 2 0
github.com/davidl71/exarp-go/tests/fixtures/mock_server.go:80.102,84.16 3 0
github.com/davidl71/exarp-go/tests/fixtures/mock_server.go:84.16,86.3 1 0
github.com/davidl71/exarp-go/tests/fixtures/mock_server.go:87.2,87.20 1 0
github.com/davidl71/exarp-go/tests/fixtures/mock_server.go:87.20,89.3 1 0
github.com/davidl71/exarp-go/tests/fixtures/mock_server.go:91.2,91.42 1 0
github.com/davidl71/exarp-go/tests/fixtures/mock_server.go:91.42,93.3 1 0
github.com/davidl71/exarp-go/tests/fixtures/mock_server.go:95.2,101.12 2 0
github.com/davidl71/exarp-go/tests/fixtures/mock_server.go:105.121,109.15 3 0
github.com/davidl71/exarp-go/tests/fixtures/mock_server.go:109.15,111.3 1 0
github.com/davidl71/exarp-go/tests/fixtures/mock_server.go:112.2,112.20 1 0
github.com/davidl71/exarp-go/tests/fixtures/mock_server.go:112.20,114.3 1 0
github.com/davidl71/exarp-go/tests/fixtures/mock_server.go:116.2,116.43 1 0
github.com/davidl71/exarp-go/tests/fixtures/mock_server.go:116.43,118.3 1 0
github.com/davidl71/exarp-go/tests/fixtures/mock_server.go:120.2,128.12 2 0
github.com/davidl71/exarp-go/tests/fixtures/mock_server.go:132.84,136.2 2 0
github.com/davidl71/exarp-go/tests/fixtures/mock_server.go:139.39,141.2 1 0
github.com/davidl71/exarp-go/tests/fixtures/mock_server.go:144.61,149.2 4 0
github.com/davidl71/exarp-go/tests/fixtures/mock_server.go:152.65,157.2 4 0
github.com/davidl71/exarp-go/tests/fixtures/mock_server.go:160.68,165.2 4 0
github.com/davidl71/exarp-go/tests/fixtures/mock_server.go:168.38,172.2 3 0
github.com/davidl71/exarp-go/tests/fixtures/mock_server.go:175.40,179.2 3 0
github.com/davidl71/exarp-go/tests/fixtures/mock_server.go:182.42,186.2 3 0
github.com/davidl71/exarp-go/tests/fixtures/mock_server.go:189.120,191.13 2 0
github.com/davidl71/exarp-go/tests/fixtures/mock_server.go:191.13,193.3 1 0
github.com/davidl71/exarp-go/tests/fixtures/mock_server.go:194.2,194.32 1 0
github.com/davidl71/exarp-go/tests/fixtures/mock_server.go:198.115,200.13 2 0
github.com/davidl71/exarp-go/tests/fixtures/mock_server.go:200.13,202.3 1 0
github.com/davidl71/exarp-go/tests/fixtures/mock_server.go:203.2,203.34 1 0
github.com/davidl71/exarp-go/tests/fixtures/mock_server.go:207.92,209.13 2 0
github.com/davidl71/exarp-go/tests/fixtures/mock_server.go:209.13,211.3 1 0
github.com/davidl71/exarp-go/tests/fixtures/mock_server.go:212.2,212.35 1 0
github.com/davidl71/exarp-go/tests/fixtures/mock_server.go:216.55,221.31 4 0
github.com/davidl71/exarp-go/tests/fixtures/mock_server.go:221.31,227.3 1 0
github.com/davidl71/exarp-go/tests/fixtures/mock_server.go:228.2,228.14 1 0
github.com/davidl71/exarp-go/tests/fixtures/test_helpers.go:10.79,12.2 1 0
github.com/davidl71/exarp-go/tests/fixtures/test_helpers.go:15.79,22.2 1 0
github.com/davidl71/exarp-go/tests/fixtures/test_helpers.go:25.81,31.2 1 0
github.com/davidl71/exarp-go/tests/fixtures/test_helpers.go:34.84,43.2 1 0
github.com/davidl71/exarp-go/tests/fixtures/test_helpers.go:46.63,48.16 2 0
github.com/davidl71/exarp-go/tests/fixtures/test_helpers.go:48.16,50.3 1 0
github.com/davidl71/exarp-go/tests/fixtures/test_helpers.go:51.2,51.35 1 0
github.com/davidl71/exarp-go/tests/fixtures/test_helpers.go:55.58,57.16 2 0
github.com/davidl71/exarp-go/tests/fixtures/test_helpers.go:57.16,58.13 1 0
github.com/davidl71/exarp-go/tests/fixtures/test_helpers.go:60.2,60.13 1 0
github.com/davidl71/exarp-go/internal/database/migrations.go:14.28,15.15 1 1
github.com/davidl71/exarp-go/internal/database/migrations.go:15.15,17.3 1 0
github.com/davidl71/exarp-go/internal/database/migrations.go:20.2,20.48 1 1
github.com/davidl71/exarp-go/internal/database/migrations.go:20.48,22.3 1 0
github.com/davidl71/exarp-go/internal/database/migrations.go:25.2,26.16 2 1
github.com/davidl71/exarp-go/internal/database/migrations.go:26.16,28.3 1 0
github.com/davidl71/exarp-go/internal/database/migrations.go:31.2,32.16 2 1
github.com/davidl71/exarp-go/internal/database/migrations.go:32.16,34.3 1 0
github.com/davidl71/exarp-go/internal/database/migrations.go:37.2,37.39 1 1
github.com/davidl71/exarp-go/internal/database/migrations.go:37.39,38.33 1 1
github.com/davidl71/exarp-go/internal/database/migrations.go:38.33,39.12 1 0
github.com/davidl71/exarp-go/internal/database/migrations.go:42.3,42.51 1 1
github.com/davidl71/exarp-go/internal/database/migrations.go:42.51,44.4 1 0
github.com/davidl71/exarp-go/internal/database/migrations.go:47.2,47.12 1 1
github.com/davidl71/exarp-go/internal/database/migrations.go:59.47,64.16 3 1
github.com/davidl71/exarp-go/internal/database/migrations.go:64.16,66.3 1 0
github.com/davidl71/exarp-go/internal/database/migrations.go:68.2,72.16 3 1
github.com/davidl71/exarp-go/internal/database/migrations.go:72.16,74.3 1 0
github.com/davidl71/exarp-go/internal/database/migrations.go:76.2,76.32 1 1
github.com/davidl71/exarp-go/internal/database/migrations.go:76.32,77.64 1 1
github.com/davidl71/exarp-go/internal/database/migrations.go:77.64,78.12 1 0
github.com/davidl71/exarp-go/internal/database/migrations.go:81.3,83.21 3 1
github.com/davidl71/exarp-go/internal/database/migrations.go:83.21,84.12 1 0
github.com/davidl71/exarp-go/internal/database/migrations.go:87.3,88.17 2 1
github.com/davidl71/exarp-go/internal/database/migrations.go:88.17,89.12 1 0
github.com/davidl71/exarp-go/internal/database/migrations.go:93.3,95.17 3 1
github.com/davidl71/exarp-go/internal/database/migrations.go:95.17,97.4 1 0
github.com/davidl71/exarp-go/internal/database/migrations.go:100.3,108.5 3 1
github.com/davidl71/exarp-go/internal/database/migrations.go:112.2,112.45 1 1
github.com/davidl71/exarp-go/internal/database/migrations.go:112.45,114.3 1 0
github.com/davidl71/exarp-go/internal/database/migrations.go:116.2,116.24 1 1
github.com/davidl71/exarp-go/internal/database/migrations.go:120.40,122.16 2 1
github.com/davidl71/exarp-go/internal/database/migrations.go:122.16,124.3 1 0
github.com/davidl71/exarp-go/internal/database/migrations.go:126.2,126.6 1 1
github.com/davidl71/exarp-go/internal/database/migrations.go:126.6,128.47 2 3
github.com/davidl71/exarp-go/internal/database/migrations.go:128.47,130.4 1 1
github.com/davidl71/exarp-go/internal/database/migrations.go:132.3,133.20 2 2
github.com/davidl71/exarp-go/internal/database/migrations.go:133.20,135.9 1 0
github.com/davidl71/exarp-go/internal/database/migrations.go:137.3,137.15 1 2
github.com/davidl71/exarp-go/internal/database/migrations.go:140.2,140.71 1 0
github.com/davidl71/exarp-go/internal/database/migrations.go:144.51,148.16 3 1
github.com/davidl71/exarp-go/internal/database/migrations.go:148.16,151.3 1 0
github.com/davidl71/exarp-go/internal/database/migrations.go:152.2,154.18 2 1
github.com/davidl71/exarp-go/internal/database/migrations.go:154.18,156.45 2 0
github.com/davidl71/exarp-go/internal/database/migrations.go:156.45,158.4 1 0
github.com/davidl71/exarp-go/internal/database/migrations.go:159.3,159.26 1 0
github.com/davidl71/exarp-go/internal/database/migrations.go:162.2,162.28 1 1
github.com/davidl71/exarp-go/internal/database/migrations.go:166.48,168.16 2 1
github.com/davidl71/exarp-go/internal/database/migrations.go:168.16,170.3 1 0
github.com/davidl71/exarp-go/internal/database/migrations.go:171.2,174.50 2 1
github.com/davidl71/exarp-go/internal/database/migrations.go:174.50,176.3 1 0
github.com/davidl71/exarp-go/internal/database/migrations.go:179.2,184.16 2 1
github.com/davidl71/exarp-go/internal/database/migrations.go:184.16,186.3 1 0
github.com/davidl71/exarp-go/internal/database/migrations.go:188.2,188.20 1 1
github.com/davidl71/exarp-go/internal/database/migrations.go:192.36,201.2 2 1
github.com/davidl71/exarp-go/internal/database/migrations.go:204.39,207.26 3 1
github.com/davidl71/exarp-go/internal/database/migrations.go:207.26,209.3 1 0
github.com/davidl71/exarp-go/internal/database/migrations.go:210.2,210.21 1 1
github.com/davidl71/exarp-go/internal/database/sqlite.go:17.37,22.47 3 1
github.com/davidl71/exarp-go/internal/database/sqlite.go:22.47,24.3 1 0
github.com/davidl71/exarp-go/internal/database/sqlite.go:27.2,28.16 2 1
github.com/davidl71/exarp-go/internal/database/sqlite.go:28.16,30.3 1 0
github.com/davidl71/exarp-go/internal/database/sqlite.go:33.2,33.34 1 1
github.com/davidl71/exarp-go/internal/database/sqlite.go:33.34,35.3 1 0
github.com/davidl71/exarp-go/internal/database/sqlite.go:38.2,38.63 1 1
github.com/davidl71/exarp-go/internal/database/sqlite.go:38.63,40.3 1 0
github.com/davidl71/exarp-go/internal/database/sqlite.go:41.2,41.64 1 1
github.com/davidl71/exarp-go/internal/database/sqlite.go:41.64,43.3 1 0
github.com/davidl71/exarp-go/internal/database/sqlite.go:44.2,44.66 1 1
github.com/davidl71/exarp-go/internal/database/sqlite.go:44.66,46.3 1 0
github.com/davidl71/exarp-go/internal/database/sqlite.go:47.2,47.66 1 1
github.com/davidl71/exarp-go/internal/database/sqlite.go:47.66,49.3 1 0
github.com/davidl71/exarp-go/internal/database/sqlite.go:52.2,59.40 5 1
github.com/davidl71/exarp-go/internal/database/sqlite.go:59.40,61.3 1 0
github.com/davidl71/exarp-go/internal/database/sqlite.go:63.2,63.12 1 1
github.com/davidl71/exarp-go/internal/database/sqlite.go:67.20,68.15 1 1
github.com/davidl71/exarp-go/internal/database/sqlite.go:68.15,70.3 1 1
github.com/davidl71/exarp-go/internal/database/sqlite.go:71.2,71.12 1 0
github.com/davidl71/exarp-go/internal/database/sqlite.go:76.31,77.15 1 1
github.com/davidl71/exarp-go/internal/database/sqlite.go:77.15,79.3 1 0
github.com/davidl71/exarp-go/internal/database/sqlite.go:80.2,80.16 1 1
